<?xml version="1.0" encoding="UTF-8"?>
<testsuite name="rspec" tests="384" failures="119" errors="0" time="1678.548159" timestamp="2015-10-05T17:17:40-04:00">
  <properties/>
  <testcase classname="spec.foundation.address_verification_last_line_valid_spec" name="Addressbook verification verify addresses status verify_address_VLL 1 Suggested [&quot;streetLine1&quot;, &quot;postalCode&quot;] false" time="0.371052"/>
  <testcase classname="spec.foundation.address_verification_last_line_valid_spec" name="Addressbook verification verify addresses status verify_address_VLL 2 Enhanced [&quot;postalCode&quot;] false" time="0.198711"/>
  <testcase classname="spec.foundation.address_verification_last_line_valid_spec" name="Addressbook verification verify addresses status verify_address_VLL 3 Suggested [&quot;postalCode&quot;] false" time="0.213420"/>
  <testcase classname="spec.foundation.address_verification_last_line_valid_spec" name="Addressbook verification verify addresses status verify_address_VLL 4 Suggested [&quot;postalCode&quot;] false" time="0.141078"/>
  <testcase classname="spec.foundation.address_verification_last_line_valid_spec" name="Addressbook verification verify addresses status verify_address_VLL 5 Valid [&quot;nil&quot;] false" time="0.888030"/>
  <testcase classname="spec.foundation.address_verification_last_line_valid_spec" name="Addressbook verification verify addresses status verify_address_VLL 6 Suggested [&quot;streetLine1&quot;, &quot;city&quot;, &quot;postalCode&quot;] false" time="0.132359"/>
  <testcase classname="spec.foundation.address_verification_last_line_valid_spec" name="Addressbook verification verify addresses status verify_address_VLL 7 Enhanced [&quot;postalCode&quot;] false" time="0.198885"/>
  <testcase classname="spec.foundation.address_verification_last_line_valid_spec" name="Addressbook verification verify addresses status verify_address_VLL 8 Suggested [&quot;postalCode&quot;, &quot;streetLine1&quot;, &quot;streetLine2&quot;] false" time="0.146442"/>
  <testcase classname="spec.foundation.address_verification_last_line_valid_spec" name="Addressbook verification verify addresses status verify_address_VLL 9 Suggested [&quot;postalCode&quot;, &quot;streetLine1&quot;, &quot;streetLine2&quot;] false" time="0.390461"/>
  <testcase classname="spec.foundation.address_verification_last_line_valid_spec" name="Addressbook verification verify addresses status verify_address_VLL 10 Suggested [&quot;streetLine2&quot;, &quot;streetLine1&quot;, &quot;postalCode&quot;] false" time="0.151930"/>
  <testcase classname="spec.foundation.address_verification_last_line_valid_spec" name="Addressbook verification verify addresses status verify_address_VLL 11 Suggested [&quot;streetLine1&quot;, &quot;postalCode&quot;] false" time="0.186076"/>
  <testcase classname="spec.foundation.address_verification_last_line_valid_spec" name="Addressbook verification verify addresses status verify_address_VLL 12 Enhanced [&quot;postalCode&quot;] false" time="0.136159"/>
  <testcase classname="spec.foundation.address_verification_last_line_valid_spec" name="Addressbook verification verify addresses status verify_address_VLL 13 Enhanced [&quot;postalCode&quot;] false" time="0.171259"/>
  <testcase classname="spec.foundation.address_verification_last_line_valid_spec" name="Addressbook verification verify addresses status verify_address_VLL 14 Enhanced [&quot;postalCode&quot;] false" time="0.141284"/>
  <testcase classname="spec.foundation.address_verification_last_line_valid_spec" name="Addressbook verification verify addresses status verify_address_VLL 15 Valid [&quot;nil&quot;] false" time="0.254413"/>
  <testcase classname="spec.foundation.address_verification_last_line_valid_spec" name="Addressbook verification verify addresses status verify_address_VLL 16 Suggested [&quot;streetLine1&quot;, &quot;city&quot;, &quot;postalCode&quot;] false" time="0.147626"/>
  <testcase classname="spec.foundation.address_verification_last_line_valid_spec" name="Addressbook verification verify addresses status verify_address_VLL 17 Enhanced [&quot;postalCode&quot;] false" time="0.203439"/>
  <testcase classname="spec.foundation.address_verification_last_line_valid_spec" name="Addressbook verification verify addresses status verify_address_VLL 18 Suggested [&quot;postalCode&quot;, &quot;streetLine1&quot;, &quot;streetLine2&quot;] false" time="0.128805"/>
  <testcase classname="spec.foundation.address_verification_last_line_valid_spec" name="Addressbook verification verify addresses status verify_address_VLL 19 Enhanced [&quot;postalCode&quot;] false" time="0.163674"/>
  <testcase classname="spec.foundation.address_verification_last_line_valid_spec" name="Addressbook verification verify addresses status verify_address_VLL 20 Suggested [&quot;streetLine2&quot;, &quot;streetLine1&quot;, &quot;postalCode&quot;] false" time="0.279934"/>
  <testcase classname="spec.foundation.address_verification_last_line_valid_spec" name="Addressbook verification verify addresses status verify_address_VLL 21 Valid [&quot;nil&quot;] true" time="0.286491"/>
  <testcase classname="spec.foundation.address_verification_last_line_valid_spec" name="Addressbook verification verify addresses status verify_address_VLL 22 Valid [&quot;nil&quot;] false" time="0.148123"/>
  <testcase classname="spec.foundation.address_verification_last_line_valid_spec" name="Addressbook verification verify addresses status verify_address_VLL 23 Suggested [&quot;city&quot;] true" time="0.283412"/>
  <testcase classname="spec.foundation.address_verification_last_line_valid_spec" name="Addressbook verification verify addresses status verify_address_VLL 24 Valid [&quot;nil&quot;] true" time="0.216642"/>
  <testcase classname="spec.foundation.address_verification_last_line_valid_spec" name="Addressbook verification verify addresses status verify_address_VLL 25 OriginalOrSuggested [&quot;streetLine1&quot;] false" time="0.197631"/>
  <testcase classname="spec.foundation.address_verification_last_line_valid_spec" name="Addressbook verification verify addresses status verify_address_VLL 26 Valid [&quot;nil&quot;] true" time="0.205411"/>
  <testcase classname="spec.foundation.address_verification_last_line_valid_spec" name="Addressbook verification verify addresses status verify_address_VLL 27 Valid [&quot;nil&quot;] false" time="0.193318"/>
  <testcase classname="spec.foundation.address_verification_last_line_valid_spec" name="Addressbook verification verify addresses status verify_address_VLL 28 Suggested [&quot;city&quot;] true" time="0.233325"/>
  <testcase classname="spec.foundation.address_verification_last_line_valid_spec" name="Addressbook verification verify addresses status verify_address_VLL 29 Valid [&quot;nil&quot;] true" time="0.339051"/>
  <testcase classname="spec.foundation.address_verification_last_line_valid_spec" name="Addressbook verification verify addresses status verify_address_VLL 30 OriginalOrSuggested [&quot;streetLine1&quot;] false" time="0.139280"/>
  <testcase classname="spec.foundation.addressbook.address_spec" name="Addressbook add_address Canada Address with full address successful" time="0.224085"/>
  <testcase classname="spec.foundation.addressbook.address_spec" name="Addressbook add_address Canada Address with full address empty successful" time="0.105830"/>
  <testcase classname="spec.foundation.addressbook.address_spec" name="Addressbook add_address US_address_successful" time="0.101329"/>
  <testcase classname="spec.foundation.addressbook.address_spec" name="Addressbook update_address update {&quot;city&quot;=&gt;&quot;Regina&quot;}" time="0.412848"/>
  <testcase classname="spec.foundation.addressbook.address_spec" name="Addressbook update_address update {&quot;state&quot;=&gt;&quot;Saskatchewan&quot;}" time="0.458400"/>
  <testcase classname="spec.foundation.addressbook.address_spec" name="Addressbook update_address update {&quot;streetLine1&quot;=&gt;&quot;140 Front Street West&quot;}" time="0.383410"/>
  <testcase classname="spec.foundation.addressbook.address_spec" name="Addressbook update_address update {&quot;streetLine2&quot;=&gt;&quot;app. 5&quot;}" time="0.390073"/>
  <testcase classname="spec.foundation.addressbook.address_spec" name="Addressbook update_address update {&quot;streetLine3&quot;=&gt;&quot;app. 10&quot;}" time="0.641570"/>
  <testcase classname="spec.foundation.addressbook.address_spec" name="Addressbook update_address update {&quot;postalCode&quot;=&gt;&quot;S2S 2S2&quot;}" time="0.387699"/>
  <testcase classname="spec.foundation.addressbook.address_spec" name="Addressbook update_address update {&quot;isoCountry&quot;=&gt;&quot;US&quot;, &quot;streetLine1&quot;=&gt;&quot;100 HANSON ST&quot;, &quot;city&quot;=&gt;&quot;Winthrop&quot;, &quot;state&quot;=&gt;&quot;AL&quot;, &quot;postalCode&quot;=&gt;&quot;04364-1251&quot;}" time="0.351297"/>
  <testcase classname="spec.foundation.addressbook.address_spec" name="Addressbook delete_address successful" time="1.332793"/>
  <testcase classname="spec.foundation.addressbook.addressbook_search_spec" name="Addressbook search successful search for term: 'park'" time="0.258548"/>
  <testcase classname="spec.foundation.addressbook.addressbook_search_spec" name="Addressbook search successful search for term: 'Danbury'" time="0.127110"/>
  <testcase classname="spec.foundation.addressbook.addressbook_search_spec" name="Addressbook search successful search for term: '270'" time="0.118215"/>
  <testcase classname="spec.foundation.addressbook.addressbook_search_spec" name="Addressbook search successful search for term: 'New York'" time="0.112164"/>
  <testcase classname="spec.foundation.addressbook.addressbook_search_spec" name="Addressbook search successful search for term: 'Darien'" time="0.111420"/>
  <testcase classname="spec.foundation.addressbook.addressbook_search_spec" name="Addressbook search successful search for term: 'CT'" time="0.128867"/>
  <testcase classname="spec.foundation.addressbook.addressbook_search_spec" name="Addressbook search successful search for term: 'US'" time="0.155268"/>
  <testcase classname="spec.foundation.addressbook.addressbook_search_spec" name="Addressbook search incorrect search term 'a'" time="0.063775"/>
  <testcase classname="spec.foundation.addressbook.addressbook_search_spec" name="Addressbook search incorrect search term ''" time="0.045700"/>
  <testcase classname="spec.foundation.addressbook.addressbook_search_spec" name="Addressbook search search term not found 'search term that is should not be found'" time="0.078697"/>
  <testcase classname="spec.foundation.addressbook.addressbook_search_spec" name="Addressbook search search term not found 'this is also strange @#&amp;*$? search term'" time="0.134469"/>
  <testcase classname="spec.foundation.addressbook.addressbook_search_spec" name="Addressbook search Successful search and filter with params: search_term='Andrii', addressType='Recipient'" time="0.227709"/>
  <testcase classname="spec.foundation.addressbook.addressbook_search_spec" name="Addressbook search Successful search and filter with params: search_term='Oleg', addressType='Recipient'" time="0.168417"/>
  <testcase classname="spec.foundation.addressbook.addressbook_search_spec" name="Addressbook search Successful search and filter with params: search_term='Joan Hawksley', addressType='Sender'" time="0.247028"/>
  <testcase classname="spec.foundation.addressbook.addressbook_search_spec" name="Addressbook search Successful search, filter and sort with params: search_term='Andrii', sort_field='addressType', size='30'" time="0.208079"/>
  <testcase classname="spec.foundation.addressbook.addressbook_search_spec" name="Addressbook search Successful search, filter and sort with params: search_term='', sort_field='addressType', size='30'" time="0.287129"/>
  <testcase classname="spec.foundation.addressbook.addressbook_search_spec" name="Addressbook search Successful search, filter and sort with params: search_term='', sort_field='contact.fullName', size='50'" time="0.530870"/>
  <testcase classname="spec.foundation.addressbook.addressbook_search_spec" name="Addressbook search Successful search, filter and sort with params: search_term='Pitney', sort_field='contact.companyName', size='50'" time="0.308446"/>
  <testcase classname="spec.foundation.addressbook.addressbook_search_spec" name="Addressbook search Successful search, filter and sort with params: search_term='', sort_field='contact.fullName', size='80'" time="0.481552"/>
  <testcase classname="spec.foundation.addressbook.addressbook_search_spec" name="Addressbook search Successful search, filter and sort with params: search_term='Executive', sort_field='streetLine1', size='50'" time="0.178837"/>
  <testcase classname="spec.foundation.addressbook.addressbook_search_spec" name="Addressbook search Successful search, filter and sort with params: search_term='06810', sort_field='postalCode', size='50'" time="0.171517"/>
  <testcase classname="spec.foundation.addressbook.addressbook_search_spec" name="Addressbook search Successful search, filter and sort with params: search_term='Danbury', sort_field='city', size='20'" time="0.534977"/>
  <testcase classname="spec.foundation.addressbook.addressbook_search_spec" name="Addressbook search Successful search, filter and sort with params: search_term='CT', sort_field='state', size='20'" time="0.190507"/>
  <testcase classname="spec.foundation.addressbook.addressbook_search_spec" name="Addressbook search Successful search, filter and sort with params: search_term='US', sort_field='isoCountry', size='20'" time="0.217877"/>
  <testcase classname="spec.foundation.addressbook.addressbook_search_spec" name="Addressbook search Successful search, filter and sort with params: search_term='Oleg', sort_field='', size='40'" time="0.117639"/>
  <testcase classname="spec.foundation.addressbook.import_export_spec" name="Addressbook Import successful Correct file UPLOADED" time="0.380160"/>
  <testcase classname="spec.foundation.addressbook.import_export_spec" name="Addressbook Import successful Process correct file" time="1.486446"/>
  <testcase classname="spec.foundation.addressbook.import_export_spec" name="Addressbook Import successful Get correct file from server" time="0.242204"/>
  <testcase classname="spec.foundation.addressbook.import_export_spec" name="Addressbook Import unsuccessful Incorrect file UPLOADED" time="0.364183"/>
  <testcase classname="spec.foundation.addressbook.import_export_spec" name="Addressbook Import unsuccessful Process incorrect file" time="1.490308"/>
  <testcase classname="spec.foundation.addressbook.import_export_spec" name="Addressbook Import unsuccessful Errors are present in error_file" time="1.590139"/>
  <testcase classname="spec.foundation.addressbook.import_export_spec" name="Addressbook Export export successful" time="0.309358"/>
  <testcase classname="spec.foundation.addressbook.import_export_spec" name="Addressbook Import File With pbSP header Process Address File" time="1.952097"/>
  <testcase classname="spec.foundation.addressbook.import_export_spec" name="Addressbook Import File With pbSP header Import File With pbSP header Overwrite" time="5.111906"/>
  <testcase classname="spec.foundation.addressbook.import_export_spec" name="Addressbook Import File With pbSP header Import File With pbSP header Do Not Overwrite" time="3.347671"/>
  <testcase classname="spec.foundation.addressbook.validation_spec" name="Addressbook validation validate fields length Add Contact field 'fullName' too long" time="0.135391"/>
  <testcase classname="spec.foundation.addressbook.validation_spec" name="Addressbook validation validate fields length Update Contact field 'fullName' too long" time="0.169604"/>
  <testcase classname="spec.foundation.addressbook.validation_spec" name="Addressbook validation validate fields length Add Contact field 'companyName' too long" time="0.197744"/>
  <testcase classname="spec.foundation.addressbook.validation_spec" name="Addressbook validation validate fields length Update Contact field 'companyName' too long" time="0.184713"/>
  <testcase classname="spec.foundation.addressbook.validation_spec" name="Addressbook validation validate fields length Add Contact field 'primaryEmail' too long" time="0.217346"/>
  <testcase classname="spec.foundation.addressbook.validation_spec" name="Addressbook validation validate fields length Update Contact field 'primaryEmail' too long" time="0.206209"/>
  <testcase classname="spec.foundation.addressbook.validation_spec" name="Addressbook validation validate fields length Add Contact field 'secondaryEmail' too long" time="0.248636"/>
  <testcase classname="spec.foundation.addressbook.validation_spec" name="Addressbook validation validate fields length Update Contact field 'secondaryEmail' too long" time="0.181091"/>
  <testcase classname="spec.foundation.addressbook.validation_spec" name="Addressbook validation validate fields length Add Contact field 'mobilePhone' too long" time="0.210181"/>
  <testcase classname="spec.foundation.addressbook.validation_spec" name="Addressbook validation validate fields length Update Contact field 'mobilePhone' too long" time="0.173002"/>
  <testcase classname="spec.foundation.addressbook.validation_spec" name="Addressbook validation validate fields length Add Contact field 'homePhone' too long" time="0.164887"/>
  <testcase classname="spec.foundation.addressbook.validation_spec" name="Addressbook validation validate fields length Update Contact field 'homePhone' too long" time="0.166730"/>
  <testcase classname="spec.foundation.addressbook.validation_spec" name="Addressbook validation validate fields length Add Contact field 'workPhone' too long" time="0.158262"/>
  <testcase classname="spec.foundation.addressbook.validation_spec" name="Addressbook validation validate fields length Update Contact field 'workPhone' too long" time="0.125961"/>
  <testcase classname="spec.foundation.addressbook.validation_spec" name="Addressbook validation validate fields length Add Contact field 'otherPhone' too long" time="0.132197"/>
  <testcase classname="spec.foundation.addressbook.validation_spec" name="Addressbook validation validate fields length Update Contact field 'otherPhone' too long" time="0.121889"/>
  <testcase classname="spec.foundation.addressbook.validation_spec" name="Addressbook validation validate fields length Add Contact field 'primaryFax' too long" time="0.114952"/>
  <testcase classname="spec.foundation.addressbook.validation_spec" name="Addressbook validation validate fields length Update Contact field 'primaryFax' too long" time="0.115660"/>
  <testcase classname="spec.foundation.addressbook.validation_spec" name="Addressbook validation validate fields length Add Domestic Address field 'streetLine1' wrong length" time="0.100645"/>
  <testcase classname="spec.foundation.addressbook.validation_spec" name="Addressbook validation validate fields length Update Domestic Address field 'streetLine1' wrong length" time="0.331875"/>
  <testcase classname="spec.foundation.addressbook.validation_spec" name="Addressbook validation validate fields length Add Domestic Address field 'streetLine2' wrong length" time="0.184849"/>
  <testcase classname="spec.foundation.addressbook.validation_spec" name="Addressbook validation validate fields length Update Domestic Address field 'streetLine2' wrong length" time="0.384123"/>
  <testcase classname="spec.foundation.addressbook.validation_spec" name="Addressbook validation validate fields length Add Domestic Address field 'city' wrong length" time="0.188837"/>
  <testcase classname="spec.foundation.addressbook.validation_spec" name="Addressbook validation validate fields length Update Domestic Address field 'city' wrong length" time="0.468594"/>
  <testcase classname="spec.foundation.addressbook.validation_spec" name="Addressbook validation validate fields length Add Domestic Address field 'state' wrong length" time="0.184588"/>
  <testcase classname="spec.foundation.addressbook.validation_spec" name="Addressbook validation validate fields length Update Domestic Address field 'state' wrong length" time="0.364378"/>
  <testcase classname="spec.foundation.addressbook.validation_spec" name="Addressbook validation validate fields length Add Domestic Address field 'postalCode' wrong length" time="0.167345"/>
  <testcase classname="spec.foundation.addressbook.validation_spec" name="Addressbook validation validate fields length Update Domestic Address field 'postalCode' wrong length" time="0.264201"/>
  <testcase classname="spec.foundation.addressbook.validation_spec" name="Addressbook validation validate fields length Add Domestic Address field 'isoCountry' wrong length" time="0.120670"/>
  <testcase classname="spec.foundation.addressbook.validation_spec" name="Addressbook validation validate fields length Update Domestic Address field 'isoCountry' wrong length" time="0.299501"/>
  <testcase classname="spec.foundation.addressbook.validation_spec" name="Addressbook validation validate fields length Add International Address field 'streetLine1' wrong length" time="0.328950"/>
  <testcase classname="spec.foundation.addressbook.validation_spec" name="Addressbook validation validate fields length Update International Address field 'streetLine1' wrong length" time="0.307045"/>
  <testcase classname="spec.foundation.addressbook.validation_spec" name="Addressbook validation validate fields length Add International Address field 'streetLine2' wrong length" time="0.200270"/>
  <testcase classname="spec.foundation.addressbook.validation_spec" name="Addressbook validation validate fields length Update International Address field 'streetLine2' wrong length" time="0.225763"/>
  <testcase classname="spec.foundation.addressbook.validation_spec" name="Addressbook validation validate fields length Add International Address field 'city' wrong length" time="0.219376"/>
  <testcase classname="spec.foundation.addressbook.validation_spec" name="Addressbook validation validate fields length Update International Address field 'city' wrong length" time="0.174274"/>
  <testcase classname="spec.foundation.addressbook.validation_spec" name="Addressbook validation validate fields length Add International Address field 'state' wrong length" time="0.185037"/>
  <testcase classname="spec.foundation.addressbook.validation_spec" name="Addressbook validation validate fields length Update International Address field 'state' wrong length" time="0.191475"/>
  <testcase classname="spec.foundation.addressbook.validation_spec" name="Addressbook validation validate fields length Add International Address field 'postalCode' wrong length" time="0.175915"/>
  <testcase classname="spec.foundation.addressbook.validation_spec" name="Addressbook validation validate fields length Update International Address field 'postalCode' wrong length" time="0.167539"/>
  <testcase classname="spec.foundation.addressbook.validation_spec" name="Addressbook validation validate fields length Add International Address field 'isoCountry' wrong length" time="0.411541"/>
  <testcase classname="spec.foundation.addressbook.validation_spec" name="Addressbook validation validate fields length Update International Address field 'isoCountry' wrong length" time="0.094862"/>
  <testcase classname="spec.foundation.addressbook.validation_spec" name="Addressbook validation validate Address for required fields required fields for Create Address" time="0.056910"/>
  <testcase classname="spec.foundation.addressbook.validation_spec" name="Addressbook validation validate Address for required fields required fields for Update Address" time="0.174249"/>
  <testcase classname="spec.foundation.addressbook.validation_spec" name="Addressbook validation validate Address for required fields required fields for Create Address" time="0.047568"/>
  <testcase classname="spec.foundation.addressbook.validation_spec" name="Addressbook validation validate Address for required fields required fields for Update Address" time="0.066619"/>
  <testcase classname="spec.foundation.addressbook.validation_spec" name="Addressbook validation validate Address for required fields required fields for Create Address" time="0.046638"/>
  <testcase classname="spec.foundation.addressbook.validation_spec" name="Addressbook validation validate Address for required fields required fields for Update Address" time="0.067615"/>
  <testcase classname="spec.foundation.addressbook.validation_spec" name="Addressbook validation validate Address for required fields required fields for Create Address" time="0.046943"/>
  <testcase classname="spec.foundation.addressbook.validation_spec" name="Addressbook validation validate Address for required fields required fields for Update Address" time="0.049406"/>
  <testcase classname="spec.foundation.addressbook.validation_spec" name="Addressbook validation validate Address for required fields required fields for Create Address" time="0.045273"/>
  <testcase classname="spec.foundation.addressbook.validation_spec" name="Addressbook validation validate Address for required fields required fields for Update Address" time="0.126815"/>
  <testcase classname="spec.foundation.addressbook.validation_spec" name="Addressbook validation validate Address for required fields required fields for Create Address" time="0.047852"/>
  <testcase classname="spec.foundation.addressbook.validation_spec" name="Addressbook validation validate Address for required fields required fields for Update Address" time="0.060599"/>
  <testcase classname="spec.foundation.addressbook.validation_spec" name="Addressbook validation validate Address for required fields required fields for Create Address" time="0.051010"/>
  <testcase classname="spec.foundation.addressbook.validation_spec" name="Addressbook validation validate Address for required fields required fields for Update Address" time="0.158215"/>
  <testcase classname="spec.foundation.addressbook.validation_spec" name="Addressbook validation validate Address for required fields required fields for Create Address" time="0.050006"/>
  <testcase classname="spec.foundation.addressbook.validation_spec" name="Addressbook validation validate Address for required fields required fields for Update Address" time="0.070216"/>
  <testcase classname="spec.foundation.addressbook.validation_spec" name="Addressbook validation validate Address for required fields required fields for Create Address" time="0.045124"/>
  <testcase classname="spec.foundation.addressbook.validation_spec" name="Addressbook validation validate Address for required fields required fields for Update Address" time="0.251133"/>
  <testcase classname="spec.foundation.addressbook.validation_spec" name="Addressbook validation validate Address for required fields required fields for Create Address" time="0.093635"/>
  <testcase classname="spec.foundation.addressbook.validation_spec" name="Addressbook validation validate Address for required fields required fields for Update Address" time="0.051617"/>
  <testcase classname="spec.foundation.addressbook.validation_spec" name="Addressbook validation validate Address for required fields required fields for Create Address" time="0.054964"/>
  <testcase classname="spec.foundation.addressbook.validation_spec" name="Addressbook validation validate Address for required fields required fields for Update Address" time="0.058174"/>
  <testcase classname="spec.foundation.addressbook.validation_spec" name="Addressbook validation validate Address for required fields required fields for Create Address" time="0.050086"/>
  <testcase classname="spec.foundation.addressbook.validation_spec" name="Addressbook validation validate Address for required fields required fields for Update Address" time="0.048060"/>
  <testcase classname="spec.foundation.addressbook.validation_spec" name="Addressbook validation validate Address for required fields add valid Address" time="0.151380"/>
  <testcase classname="spec.foundation.addressbook.validation_spec" name="Addressbook validation validate Address for required fields update valid Address" time="0.231711"/>
  <testcase classname="spec.foundation.addressbook.validation_spec" name="Addressbook validation validate Address for required fields update valid Contact" time="0.220845"/>
  <testcase classname="spec.foundation.addressbook.validation_spec" name="Addressbook validation validate Address for required fields add valid Address" time="0.154161"/>
  <testcase classname="spec.foundation.addressbook.validation_spec" name="Addressbook validation validate Address for required fields update valid Address" time="0.247671"/>
  <testcase classname="spec.foundation.addressbook.validation_spec" name="Addressbook validation validate Address for required fields update valid Contact" time="0.224849"/>
  <testcase classname="spec.foundation.addressbook.validation_spec" name="Addressbook validation validate Address for required fields add valid Address" time="0.151608"/>
  <testcase classname="spec.foundation.addressbook.validation_spec" name="Addressbook validation validate Address for required fields update valid Address" time="0.226996"/>
  <testcase classname="spec.foundation.addressbook.validation_spec" name="Addressbook validation validate Address for required fields update valid Contact" time="0.226906"/>
  <testcase classname="spec.foundation.addressbook.validation_spec" name="Addressbook validation validate Address for required fields add valid Address" time="0.147582"/>
  <testcase classname="spec.foundation.addressbook.validation_spec" name="Addressbook validation validate Address for required fields update valid Address" time="0.289227"/>
  <testcase classname="spec.foundation.addressbook.validation_spec" name="Addressbook validation validate Address for required fields update valid Contact" time="0.445630"/>
  <testcase classname="spec.foundation.addressbook.validation_spec" name="Addressbook validation validate Address for required fields add valid Address" time="0.141273"/>
  <testcase classname="spec.foundation.addressbook.validation_spec" name="Addressbook validation validate Address for required fields update valid Address" time="0.212007"/>
  <testcase classname="spec.foundation.addressbook.validation_spec" name="Addressbook validation validate Address for required fields update valid Contact" time="0.222170"/>
  <testcase classname="spec.foundation.addressbook.validation_spec" name="Addressbook validation validate Address for required fields add valid Address" time="0.141303"/>
  <testcase classname="spec.foundation.addressbook.validation_spec" name="Addressbook validation validate Address for required fields update valid Address" time="0.199081"/>
  <testcase classname="spec.foundation.addressbook.validation_spec" name="Addressbook validation validate Address for required fields update valid Contact" time="0.213337"/>
  <testcase classname="spec.foundation.addressbook.validation_spec" name="Addressbook validation validate Address for required fields add valid Address" time="0.308302"/>
  <testcase classname="spec.foundation.addressbook.validation_spec" name="Addressbook validation validate Address for required fields update valid Address" time="0.225966"/>
  <testcase classname="spec.foundation.addressbook.validation_spec" name="Addressbook validation validate Address for required fields update valid Contact" time="0.216781"/>
  <testcase classname="spec.foundation.addressbook.validation_spec" name="Addressbook validation validate Address for required fields add valid Address" time="0.143827"/>
  <testcase classname="spec.foundation.addressbook.validation_spec" name="Addressbook validation validate Address for required fields update valid Address" time="0.206127"/>
  <testcase classname="spec.foundation.addressbook.validation_spec" name="Addressbook validation validate Address for required fields update valid Contact" time="0.214695"/>
  <testcase classname="spec.foundation.addressbook.validation_spec" name="Addressbook validation validate Address for required fields add valid Address" time="0.148732"/>
  <testcase classname="spec.foundation.addressbook.validation_spec" name="Addressbook validation validate Address for required fields update valid Address" time="0.232844"/>
  <testcase classname="spec.foundation.addressbook.validation_spec" name="Addressbook validation validate Address for required fields update valid Contact" time="0.223775"/>
  <testcase classname="spec.foundation.addressbook.validation_spec" name="Addressbook validation validate Address for required fields add valid Address" time="0.141237"/>
  <testcase classname="spec.foundation.addressbook.validation_spec" name="Addressbook validation validate Address for required fields update valid Address" time="0.273252"/>
  <testcase classname="spec.foundation.addressbook.validation_spec" name="Addressbook validation validate Address for required fields update valid Contact" time="0.210631"/>
  <testcase classname="spec.foundation.contact_spec" name="Addressbook add_contact successful" time="0.097920"/>
  <testcase classname="spec.foundation.contact_spec" name="Addressbook update_contact successful" time="0.270730"/>
  <testcase classname="spec.foundation.contact_spec" name="Addressbook delete_contact successful" time="0.168802"/>
  <testcase classname="spec.foundation.cost_accounts.cost_account_spec" name="Cost Account Add and Update cost account verify error messages on create" time="0.062221"/>
  <testcase classname="spec.foundation.cost_accounts.cost_account_spec" name="Cost Account Add and Update cost account verify error messages on create" time="0.048514"/>
  <testcase classname="spec.foundation.cost_accounts.cost_account_spec" name="Cost Account Add and Update cost account verify error messages on create" time="0.045905"/>
  <testcase classname="spec.foundation.cost_accounts.cost_account_spec" name="Cost Account Add and Update cost account verify error messages on create" time="0.043743"/>
  <testcase classname="spec.foundation.cost_accounts.cost_account_spec" name="Cost Account Add and Update cost account verify error messages on create" time="0.056854"/>
  <testcase classname="spec.foundation.cost_accounts.cost_account_spec" name="Cost Account Add and Update cost account verify update errors" time="0.677876"/>
  <testcase classname="spec.foundation.cost_accounts.cost_account_spec" name="Cost Account Add and Update cost account verify update errors" time="0.397966"/>
  <testcase classname="spec.foundation.cost_accounts.cost_account_spec" name="Cost Account Add and Update cost account verify update errors" time="0.421962"/>
  <testcase classname="spec.foundation.cost_accounts.cost_account_spec" name="Cost Account Add and Update cost account added successfully" time="0.211937"/>
  <testcase classname="spec.foundation.cost_accounts.cost_account_spec" name="Cost Account Add and Update cost account updated successfully" time="1.041229"/>
  <testcase classname="spec.foundation.cost_accounts.cost_account_spec" name="Cost Account Add and Update cost account added successfully" time="0.130568"/>
  <testcase classname="spec.foundation.cost_accounts.cost_account_spec" name="Cost Account Add and Update cost account updated successfully" time="1.052546"/>
  <testcase classname="spec.foundation.cost_accounts.cost_account_spec" name="Cost Account Add and Update cost account added successfully" time="0.148085"/>
  <testcase classname="spec.foundation.cost_accounts.cost_account_spec" name="Cost Account Add and Update cost account updated successfully" time="1.059862"/>
  <testcase classname="spec.foundation.cost_accounts.cost_account_spec" name="Cost Account Add and Update cost account added successfully" time="0.236800"/>
  <testcase classname="spec.foundation.cost_accounts.cost_account_spec" name="Cost Account Add and Update cost account updated successfully" time="1.046214"/>
  <testcase classname="spec.foundation.cost_accounts.cost_account_spec" name="Cost Account Add and Update cost account verify can not update Default with status Inactive" time="0.293320"/>
  <testcase classname="spec.foundation.cost_accounts.cost_account_spec" name="Cost Account get update should get" time="0.522641"/>
  <testcase classname="spec.foundation.cost_accounts.cost_account_spec" name="Cost Account get active-inactive cost accounts numbers in sum gives total cost account number" time="0.000178"/>
  <testcase classname="spec.foundation.cost_accounts.cost_account_spec" name="Cost Account get active-inactive cost accounts numbers are correct" time="0.025206"/>
  <testcase classname="spec.foundation.cost_accounts.cost_account_spec" name="Cost Account delete cost account delete" time="0.686613"/>
  <testcase classname="spec.foundation.cost_accounts.cost_account_spec" name="Cost Account sub cost account add sub account" time="1.365706"/>
  <testcase classname="spec.foundation.cost_accounts.cost_account_spec" name="Cost Account sub cost account remove sub account" time="1.889846"/>
  <testcase classname="spec.foundation.cost_accounts.cost_account_spec" name="Cost Account Default cost account for customer verify default cost account is set" time="0.972600"/>
  <testcase classname="spec.foundation.cost_accounts.cost_account_spec" name="Cost Account Default cost account for customer remove default cost account" time="1.103013"/>
  <testcase classname="spec.foundation.cost_accounts.cost_account_spec" name="Cost Account Get last used cost accounts verify it returns last used cost accounts in correct order" time="0.288655"/>
  <testcase classname="spec.foundation.cost_accounts.import_cost_accounts_spec" name="Import Cost Accounts Import successful Correct file UPLOADED" time="0.642402"/>
  <testcase classname="spec.foundation.cost_accounts.import_cost_accounts_spec" name="Import Cost Accounts Import successful Process correct file" time="1.938751"/>
  <testcase classname="spec.foundation.cost_accounts.import_cost_accounts_spec" name="Import Cost Accounts Import successful Get correct file from server" time="0.538447"/>
  <testcase classname="spec.foundation.cost_accounts.import_cost_accounts_spec" name="Import Cost Accounts Import successful Verify cost accounts are imported" time="4.234996"/>
  <testcase classname="spec.foundation.cost_accounts.import_cost_accounts_spec" name="Import Cost Accounts Import fail Incorrect file UPLOADED" time="0.293957"/>
  <testcase classname="spec.foundation.cost_accounts.import_cost_accounts_spec" name="Import Cost Accounts Import fail Process incorrect file" time="1.412670"/>
  <testcase classname="spec.foundation.cost_accounts.import_cost_accounts_spec" name="Import Cost Accounts Import fail Errors are present in error_file" time="1.639725"/>
  <testcase classname="spec.foundation.cost_accounts.search_cost_account_spec" name="Search Cost Accounts search Successful search by term: {&quot;name&quot;=&gt;&quot;14440798608309 name&quot;}" time="0.240968"/>
  <testcase classname="spec.foundation.cost_accounts.search_cost_account_spec" name="Search Cost Accounts search Successful search by term: {&quot;costAccountStatus&quot;=&gt;&quot;Active&quot;, &quot;name&quot;=&gt;&quot;14440798608838 name&quot;}" time="0.245468"/>
  <testcase classname="spec.foundation.cost_accounts.search_cost_account_spec" name="Search Cost Accounts search Successful search by term: {&quot;costAccountStatus&quot;=&gt;&quot;Inactive&quot;, &quot;name&quot;=&gt;&quot;14440798604870 name&quot;}" time="0.225010"/>
  <testcase classname="spec.foundation.cost_accounts.search_cost_account_spec" name="Search Cost Accounts search Successful search by term: {&quot;costAccountStatus&quot;=&gt;&quot;Active&quot;, &quot;sort&quot;=&gt;&quot;name,asc&quot;, &quot;name&quot;=&gt;&quot;14440798609369 name&quot;}" time="0.250618"/>
  <testcase classname="spec.foundation.cost_accounts.search_cost_account_spec" name="Search Cost Accounts search Successful search by term: {&quot;sort&quot;=&gt;&quot;name,desc&quot;, &quot;name&quot;=&gt;&quot;14440798607310 name&quot;}" time="0.245391"/>
  <testcase classname="spec.foundation.cost_accounts.search_cost_account_spec" name="Search Cost Accounts Default cost account after search Default cost account is first after searching by term: {&quot;name&quot;=&gt;&quot;name&quot;}" time="1.098457"/>
  <testcase classname="spec.foundation.cost_accounts.search_cost_account_spec" name="Search Cost Accounts Default cost account after search Default cost account is first after searching by term: {&quot;name&quot;=&gt;&quot;name&quot;, &quot;sort&quot;=&gt;&quot;name,asc&quot;}" time="1.050260"/>
  <testcase classname="spec.foundation.cost_accounts.search_cost_account_spec" name="Search Cost Accounts Default cost account after search Default cost account is first after searching by term: {&quot;name&quot;=&gt;&quot;name&quot;, &quot;sort&quot;=&gt;&quot;id,desc&quot;}" time="1.062266"/>
  <testcase classname="spec.foundation.cost_accounts.search_cost_account_spec" name="Search Cost Accounts Default cost account after search Default cost account is first after searching by term: {&quot;name&quot;=&gt;&quot;name&quot;, &quot;status&quot;=&gt;&quot;Active&quot;, &quot;sort&quot;=&gt;&quot;name,desc&quot;}" time="1.039401"/>
  <testcase classname="spec.foundation.cost_accounts.search_cost_account_spec" name="Search Cost Accounts Default cost account after search Default cost account is first after searching by term: {&quot;status&quot;=&gt;&quot;Active&quot;, &quot;defaultfirst&quot;=&gt;&quot;true&quot;}" time="1.161623"/>
  <testcase classname="spec.foundation.cost_accounts.search_cost_account_spec" name="Search Cost Accounts Default cost account after search Default cost account is first after searching by term: {&quot;sort&quot;=&gt;&quot;name,asc&quot;, &quot;defaultfirst&quot;=&gt;&quot;true&quot;}" time="1.071388"/>
  <testcase classname="spec.foundation.cost_accounts.search_cost_account_spec" name="Search Cost Accounts Default cost account after search Default cost account is not shown after search by term: {&quot;name&quot;=&gt;&quot;name&quot;, &quot;status&quot;=&gt;&quot;Inactive&quot;, &quot;sort&quot;=&gt;&quot;name,desc&quot;}" time="1.011605"/>
  <testcase classname="spec.foundation.cost_accounts.search_cost_account_spec" name="Search Cost Accounts Default cost account after search Default cost account is not shown after search by term: {&quot;status&quot;=&gt;&quot;Inactive&quot;, &quot;sort&quot;=&gt;&quot;name,desc&quot;}" time="1.067107"/>
  <testcase classname="spec.foundation.cost_accounts.search_cost_account_spec" name="Search Cost Accounts Default cost account after search Default cost account is not shown after search by term: {&quot;name&quot;=&gt;&quot;test&quot;}" time="0.777185"/>
  <testcase classname="spec.foundation.user.account_spec" name="Purchase Power user with account hierarchy: horizon_SIT23@pb.com behaves like Account information verify get response" time="2.511048"/>
  <testcase classname="spec.foundation.user.account_spec" name="Purchase Power user with account hierarchy: horizon_SIT23@pb.com behaves like Account information verify account country at billing address" time="2.565014"/>
  <testcase classname="spec.foundation.user.account_spec" name="Purchase Power user with account hierarchy: horizon_SIT23@pb.com behaves like Account information Add funds through accounts_fund_async and accounts_fund verify add funds: 1, accounts_fund, -1, , USPS, negative-testcase-negativeFund, 400, [{&quot;key&quot;:&quot;provider.exception&quot;, &quot;message&quot;:&quot;Funding amount must be at least 5.&quot;}]" time="39.782976"/>
  <testcase classname="spec.foundation.user.account_spec" name="Purchase Power user with account hierarchy: horizon_SIT23@pb.com behaves like Account information Add funds through accounts_fund_async and accounts_fund verify add funds: 2, accounts_fund, 0.5, , USPS, negative-testcase-belowzeroFund-0.5, 400, [{&quot;key&quot;:&quot;provider.exception&quot;, &quot;message&quot;:&quot;Funding amount must be at least 5.&quot;}]" time="39.917632"/>
  <testcase classname="spec.foundation.user.account_spec" name="Purchase Power user with account hierarchy: horizon_SIT23@pb.com behaves like Account information Add funds through accounts_fund_async and accounts_fund verify add funds: 3, accounts_fund, 1, , USPS, negative-testcase-below-minimumFund-1, 400, [{&quot;key&quot;:&quot;provider.exception&quot;, &quot;message&quot;:&quot;Funding amount must be at least 5.&quot;}]" time="39.737129"/>
  <testcase classname="spec.foundation.user.account_spec" name="Purchase Power user with account hierarchy: horizon_SIT23@pb.com behaves like Account information Add funds through accounts_fund_async and accounts_fund verify add funds: 4, accounts_fund, 5, , USPS, positive-testcase-minimumFund-5, 200, " time="43.786155"/>
  <testcase classname="spec.foundation.user.account_spec" name="Purchase Power user with account hierarchy: horizon_SIT23@pb.com behaves like Account information Add funds through accounts_fund_async and accounts_fund verify add funds: 5, accounts_fund, 5, , USPS, fund_with_valid_costAccountname, 200, " time="39.392564"/>
  <testcase classname="spec.foundation.user.account_spec" name="Purchase Power user with account hierarchy: horizon_SIT23@pb.com behaves like Account information Add funds through accounts_fund_async and accounts_fund verify add funds: 6, accounts_fund, 100.5, , , positive-testcase-valid-floatFund-100.5, 200, " time="40.339715"/>
  <testcase classname="spec.foundation.user.account_spec" name="Purchase Power user with account hierarchy: horizon_SIT23@pb.com behaves like Account information Add funds through accounts_fund_async and accounts_fund verify add funds: 7, accounts_fund, 600, , USPS, positive-testcase-valid-Fund-600, 200, " time="37.608008"/>
  <testcase classname="spec.foundation.user.account_spec" name="Purchase Power user with account hierarchy: horizon_SIT23@pb.com behaves like Account information Add funds through accounts_fund_async and accounts_fund verify add funds: 8, accounts_fund, 5, , invalid_carrier, negative-testcase-invalid_carrier, 400, [{&quot;key&quot;:&quot;CarrierCode.fundingRequest.carrierCode&quot;,&quot;message&quot;:&quot;Invalid Carrier Code&quot;}]" time="38.318795"/>
  <testcase classname="spec.foundation.user.account_spec" name="Purchase Power user with account hierarchy: horizon_SIT23@pb.com behaves like Account information Add funds through accounts_fund_async and accounts_fund verify add funds: 9, accounts_fund, 5, 1a2b3c4drpshjriuha, USPS, negative-testcase-nonexisting_costAccName, 400, [{&quot;key&quot;:&quot;invalid.input&quot;,&quot;message&quot;:&quot;CostAccount not found: 1a2b3c4drpshjriuha&quot;}]" time="39.394010"/>
  <testcase classname="spec.foundation.user.account_spec" name="Purchase Power user with account hierarchy: horizon_SIT23@pb.com behaves like Account information Add funds through accounts_fund_async and accounts_fund verify add funds: 10, accounts_fund, , , USPS, negative-testcase-missing_fundingAmount, 400, [{&quot;key&quot;:&quot;provider.exception&quot;, &quot;message&quot;:&quot;Funding amount must be at least 5.&quot;}]" time="38.893474"/>
  <testcase classname="spec.foundation.user.account_spec" name="Purchase Power user with account hierarchy: horizon_SIT23@pb.com behaves like Account information Add funds through accounts_fund_async and accounts_fund verify add funds: 11, accounts_fund, 5, , USPS, negative-testcase-funds-deprecated-unrecognised_field_costAccount, 400, [{&quot;key&quot;:&quot;invalid.field&quot;,&quot;message&quot;:&quot;Unrecognized field: costAccount&quot;}]" time="37.959174"/>
  <testcase classname="spec.foundation.user.account_spec" name="Purchase Power user with account hierarchy: horizon_SIT23@pb.com behaves like Account information Add funds through accounts_fund_async and accounts_fund verify add funds: 12, accounts_fund_async, -1, , USPS, negative-testcase-negativeFund, 400, [{&quot;key&quot;:&quot;provider.exception&quot;, &quot;message&quot;:&quot;Funding amount must be at least 5.&quot;}]" time="39.685158"/>
  <testcase classname="spec.foundation.user.account_spec" name="Purchase Power user with account hierarchy: horizon_SIT23@pb.com behaves like Account information Add funds through accounts_fund_async and accounts_fund verify add funds: 13, accounts_fund_async, 0.5, , USPS, negative-testcase-belowzeroFund-0.5, 400, [{&quot;key&quot;:&quot;provider.exception&quot;, &quot;message&quot;:&quot;Funding amount must be at least 5.&quot;}]" time="39.545705"/>
  <testcase classname="spec.foundation.user.account_spec" name="Purchase Power user with account hierarchy: horizon_SIT23@pb.com behaves like Account information Add funds through accounts_fund_async and accounts_fund verify add funds: 14, accounts_fund_async, 1, , USPS, negative-testcase-below-minimumFund-1, 400, [{&quot;key&quot;:&quot;provider.exception&quot;, &quot;message&quot;:&quot;Funding amount must be at least 5.&quot;}]" time="39.299990"/>
  <testcase classname="spec.foundation.user.account_spec" name="Purchase Power user with account hierarchy: horizon_SIT23@pb.com behaves like Account information Add funds through accounts_fund_async and accounts_fund verify add funds: 15, accounts_fund_async, 5, , USPS, positive-testcase-minimumFund-5, 200, " time="53.509482"/>
  <testcase classname="spec.foundation.user.account_spec" name="Purchase Power user with account hierarchy: horizon_SIT23@pb.com behaves like Account information Add funds through accounts_fund_async and accounts_fund verify add funds: 16, accounts_fund_async, 100.5, , USPS, positive-testcase-valid-floatFund-100.5, 200, " time="53.953096"/>
  <testcase classname="spec.foundation.user.account_spec" name="Purchase Power user with account hierarchy: horizon_SIT23@pb.com behaves like Account information Add funds through accounts_fund_async and accounts_fund verify add funds: 17, accounts_fund_async, 600, , , positive-testcase-valid-Fund-600, 200, " time="52.975140"/>
  <testcase classname="spec.foundation.user.account_spec" name="Purchase Power user with account hierarchy: horizon_SIT23@pb.com behaves like Account information Add funds through accounts_fund_async and accounts_fund verify add funds: 18, accounts_fund_async, 5, , invalid_carrier, negative-testcase-invalid_carrier, 400, [{&quot;key&quot;:&quot;CarrierCode.fundingRequest.carrierCode&quot;,&quot;message&quot;:&quot;Invalid Carrier Code&quot;}]" time="38.112475"/>
  <testcase classname="spec.foundation.user.account_spec" name="Purchase Power user with account hierarchy: horizon_SIT23@pb.com behaves like Account information Add funds through accounts_fund_async and accounts_fund verify add funds: 19, accounts_fund_async, 5, 1a2b3c4drpshjriuha, USPS, negative-testcase-nonexisting_costAccName, 400, [{&quot;key&quot;:&quot;invalid.input&quot;,&quot;message&quot;:&quot;CostAccount not found: 1a2b3c4drpshjriuha&quot;}]" time="39.004803"/>
  <testcase classname="spec.foundation.user.account_spec" name="Purchase Power user with account hierarchy: horizon_SIT23@pb.com behaves like Account information Add funds through accounts_fund_async and accounts_fund verify add funds: 20, accounts_fund_async, , , USPS, negative-testcase-missing_fundingAmount, 400, [{&quot;key&quot;:&quot;provider.exception&quot;, &quot;message&quot;:&quot;Funding amount must be at least 5.&quot;}]" time="39.253517"/>
  <testcase classname="spec.foundation.user.account_spec" name="Purchase Power user with account hierarchy: horizon_SIT23@pb.com behaves like Account information Add funds through accounts_fund_async and accounts_fund verify add funds: 21, accounts_fund_async, 5, , USPS, negative-testcase-funds-deprecated-unrecognised_field_costAccount, 400, [{&quot;key&quot;:&quot;invalid.field&quot;,&quot;message&quot;:&quot;Unrecognized field: costAccount&quot;}]" time="38.375355"/>
  <testcase classname="spec.foundation.user.account_spec" name="Purchase Power user with account hierarchy: horizon_SIT23@pb.com behaves like Account information Add funds through accounts_fund_async and accounts_fund verify add funds: 22, accounts_fund_async, 5, , USPS, fund_async_using_valid_costAccountname, 200, " time="54.088839"/>
  <testcase classname="spec.foundation.user.account_spec" name="Reserve Account user with account hierarchy: horizon_engra6@pb.com behaves like Account information verify get response" time="2.521470"/>
  <testcase classname="spec.foundation.user.account_spec" name="Reserve Account user with account hierarchy: horizon_engra6@pb.com behaves like Account information verify account country at billing address" time="2.294422"/>
  <testcase classname="spec.foundation.user.account_spec" name="Reserve Account user with account hierarchy: horizon_engra6@pb.com behaves like Account information Add funds through accounts_fund_async and accounts_fund verify add funds: 1, accounts_fund, -1, , USPS, negative-testcase-negativeFund, 400, [{&quot;key&quot;:&quot;provider.exception&quot;, &quot;message&quot;:&quot;Funding amount must be at least 5.&quot;}]" time="39.369754"/>
  <testcase classname="spec.foundation.user.account_spec" name="Reserve Account user with account hierarchy: horizon_engra6@pb.com behaves like Account information Add funds through accounts_fund_async and accounts_fund verify add funds: 2, accounts_fund, 0.5, , USPS, negative-testcase-belowzeroFund-0.5, 400, [{&quot;key&quot;:&quot;provider.exception&quot;, &quot;message&quot;:&quot;Funding amount must be at least 5.&quot;}]" time="39.316285"/>
  <testcase classname="spec.foundation.user.account_spec" name="Reserve Account user with account hierarchy: horizon_engra6@pb.com behaves like Account information Add funds through accounts_fund_async and accounts_fund verify add funds: 3, accounts_fund, 1, , USPS, negative-testcase-below-minimumFund-1, 400, [{&quot;key&quot;:&quot;provider.exception&quot;, &quot;message&quot;:&quot;Funding amount must be at least 5.&quot;}]" time="39.452773"/>
  <testcase classname="spec.foundation.user.account_spec" name="Reserve Account user with account hierarchy: horizon_engra6@pb.com behaves like Account information Add funds through accounts_fund_async and accounts_fund verify add funds: 4, accounts_fund, 5, , USPS, positive-testcase-minimumFund-5, 200, " time="20.146052"/>
  <testcase classname="spec.foundation.user.account_spec" name="Reserve Account user with account hierarchy: horizon_engra6@pb.com behaves like Account information Add funds through accounts_fund_async and accounts_fund verify add funds: 5, accounts_fund, 5, , USPS, fund_with_valid_costAccountname, 200, " time="12.426034"/>
  <testcase classname="spec.foundation.user.account_spec" name="Reserve Account user with account hierarchy: horizon_engra6@pb.com behaves like Account information Add funds through accounts_fund_async and accounts_fund verify add funds: 6, accounts_fund, 100.5, , , positive-testcase-valid-floatFund-100.5, 200, " time="13.635093"/>
  <testcase classname="spec.foundation.user.account_spec" name="Reserve Account user with account hierarchy: horizon_engra6@pb.com behaves like Account information Add funds through accounts_fund_async and accounts_fund verify add funds: 7, accounts_fund, 600, , USPS, positive-testcase-valid-Fund-600, 200, " time="14.145633"/>
  <testcase classname="spec.foundation.user.account_spec" name="Reserve Account user with account hierarchy: horizon_engra6@pb.com behaves like Account information Add funds through accounts_fund_async and accounts_fund verify add funds: 8, accounts_fund, 5, , invalid_carrier, negative-testcase-invalid_carrier, 400, [{&quot;key&quot;:&quot;CarrierCode.fundingRequest.carrierCode&quot;,&quot;message&quot;:&quot;Invalid Carrier Code&quot;}]" time="38.019644"/>
  <testcase classname="spec.foundation.user.account_spec" name="Reserve Account user with account hierarchy: horizon_engra6@pb.com behaves like Account information Add funds through accounts_fund_async and accounts_fund verify add funds: 9, accounts_fund, 5, 1a2b3c4drpshjriuha, USPS, negative-testcase-nonexisting_costAccName, 400, [{&quot;key&quot;:&quot;invalid.input&quot;,&quot;message&quot;:&quot;CostAccount not found: 1a2b3c4drpshjriuha&quot;}]" time="39.397889"/>
  <testcase classname="spec.foundation.user.account_spec" name="Reserve Account user with account hierarchy: horizon_engra6@pb.com behaves like Account information Add funds through accounts_fund_async and accounts_fund verify add funds: 10, accounts_fund, , , USPS, negative-testcase-missing_fundingAmount, 400, [{&quot;key&quot;:&quot;provider.exception&quot;, &quot;message&quot;:&quot;Funding amount must be at least 5.&quot;}]" time="38.941319"/>
  <testcase classname="spec.foundation.user.account_spec" name="Reserve Account user with account hierarchy: horizon_engra6@pb.com behaves like Account information Add funds through accounts_fund_async and accounts_fund verify add funds: 11, accounts_fund, 5, , USPS, negative-testcase-funds-deprecated-unrecognised_field_costAccount, 400, [{&quot;key&quot;:&quot;invalid.field&quot;,&quot;message&quot;:&quot;Unrecognized field: costAccount&quot;}]" time="39.155331"/>
  <testcase classname="spec.foundation.user.account_spec" name="Reserve Account user with account hierarchy: horizon_engra6@pb.com behaves like Account information Add funds through accounts_fund_async and accounts_fund verify add funds: 12, accounts_fund_async, -1, , USPS, negative-testcase-negativeFund, 400, [{&quot;key&quot;:&quot;provider.exception&quot;, &quot;message&quot;:&quot;Funding amount must be at least 5.&quot;}]" time="71.677166"/>
  <testcase classname="spec.foundation.user.account_spec" name="Reserve Account user with account hierarchy: horizon_engra6@pb.com behaves like Account information Add funds through accounts_fund_async and accounts_fund verify add funds: 13, accounts_fund_async, 0.5, , USPS, negative-testcase-belowzeroFund-0.5, 400, [{&quot;key&quot;:&quot;provider.exception&quot;, &quot;message&quot;:&quot;Funding amount must be at least 5.&quot;}]" time="39.222060"/>
  <testcase classname="spec.foundation.user.account_spec" name="Reserve Account user with account hierarchy: horizon_engra6@pb.com behaves like Account information Add funds through accounts_fund_async and accounts_fund verify add funds: 14, accounts_fund_async, 1, , USPS, negative-testcase-below-minimumFund-1, 400, [{&quot;key&quot;:&quot;provider.exception&quot;, &quot;message&quot;:&quot;Funding amount must be at least 5.&quot;}]" time="38.924731"/>
  <testcase classname="spec.foundation.user.account_spec" name="Reserve Account user with account hierarchy: horizon_engra6@pb.com behaves like Account information Add funds through accounts_fund_async and accounts_fund verify add funds: 15, accounts_fund_async, 5, , USPS, positive-testcase-minimumFund-5, 200, " time="34.045889"/>
  <testcase classname="spec.foundation.user.account_spec" name="Reserve Account user with account hierarchy: horizon_engra6@pb.com behaves like Account information Add funds through accounts_fund_async and accounts_fund verify add funds: 16, accounts_fund_async, 100.5, , USPS, positive-testcase-valid-floatFund-100.5, 200, " time="10.377389"/>
  <testcase classname="spec.foundation.user.account_spec" name="Reserve Account user with account hierarchy: horizon_engra6@pb.com behaves like Account information Add funds through accounts_fund_async and accounts_fund verify add funds: 17, accounts_fund_async, 600, , , positive-testcase-valid-Fund-600, 200, " time="33.215047"/>
  <testcase classname="spec.foundation.user.account_spec" name="Reserve Account user with account hierarchy: horizon_engra6@pb.com behaves like Account information Add funds through accounts_fund_async and accounts_fund verify add funds: 18, accounts_fund_async, 5, , invalid_carrier, negative-testcase-invalid_carrier, 400, [{&quot;key&quot;:&quot;CarrierCode.fundingRequest.carrierCode&quot;,&quot;message&quot;:&quot;Invalid Carrier Code&quot;}]" time="37.395425">
    <failure message="757: unexpected token at '&quot;&lt;html&gt;\r\n&lt;head&gt;&lt;title&gt;502 Bad Gateway&lt;/title&gt;&lt;/head&gt;\r\n&lt;body bgcolor=\&quot;white\&quot;&gt;\r\n&lt;center&gt;&lt;h1&gt;502 Bad Gateway&lt;/h1&gt;&lt;/center&gt;\r\n&lt;hr&gt;&lt;center&gt;nginx/1.6.2&lt;/center&gt;\r\n&lt;/body&gt;\r\n&lt;/html&gt;\r\n&quot;'" type="JSON::ParserError">
      <![CDATA[757: unexpected token at '"<html>\r\n<head><title>502 Bad Gateway</title></head>\r\n<body bgcolor=\"white\">\r\n<center><h1>502 Bad Gateway</h1></center>\r\n<hr><center>nginx/1.6.2</center>\r\n</body>\r\n</html>\r\n"'
./libs/helpers/common.rb:39:in `convert_to_json'
./libs/override.rb:63:in `json'
./libs/foundation/account.rb:64:in `get_prepay_balance'
./spec/foundation/user/account_spec.rb:64:in `block (4 levels) in <top (required)>']]>
    </failure>
  </testcase>
  <testcase classname="spec.foundation.user.account_spec" name="Reserve Account user with account hierarchy: horizon_engra6@pb.com behaves like Account information Add funds through accounts_fund_async and accounts_fund verify add funds: 19, accounts_fund_async, 5, 1a2b3c4drpshjriuha, USPS, negative-testcase-nonexisting_costAccName, 400, [{&quot;key&quot;:&quot;invalid.input&quot;,&quot;message&quot;:&quot;CostAccount not found: 1a2b3c4drpshjriuha&quot;}]" time="0.031617">
    <failure message="502 Bad Gateway" type="RestClient::BadGateway">
      <![CDATA[502 Bad Gateway
/usr/local/rvm/gems/ruby-2.2.1/gems/rest-client-1.8.0/lib/restclient/abstract_response.rb:74:in `return!'
/usr/local/rvm/gems/ruby-2.2.1/gems/rest-client-1.8.0/lib/restclient/request.rb:495:in `process_result'
/usr/local/rvm/gems/ruby-2.2.1/gems/rest-client-1.8.0/lib/restclient/request.rb:421:in `block in transmit'
/usr/local/rvm/gems/ruby-2.2.1/gems/rest-client-1.8.0/lib/restclient/request.rb:413:in `transmit'
/usr/local/rvm/gems/ruby-2.2.1/gems/rest-client-1.8.0/lib/restclient/request.rb:176:in `execute'
/usr/local/rvm/gems/ruby-2.2.1/gems/rest-client-1.8.0/lib/restclient/request.rb:41:in `execute'
/usr/local/rvm/gems/ruby-2.2.1/gems/rest-client-1.8.0/lib/restclient.rb:69:in `post'
./libs/helpers/guam_login.rb:109:in `get_user_info_from_foundation'
./spec/spec_helper.rb:74:in `login_to_guam'
./spec/spec_helper.rb:113:in `login_to_foundation_new_user_credential'
./spec/foundation/user/account_spec.rb:179:in `block (2 levels) in <top (required)>']]>
    </failure>
  </testcase>
  <testcase classname="spec.foundation.user.account_spec" name="Reserve Account user with account hierarchy: horizon_engra6@pb.com behaves like Account information Add funds through accounts_fund_async and accounts_fund verify add funds: 20, accounts_fund_async, , , USPS, negative-testcase-missing_fundingAmount, 400, [{&quot;key&quot;:&quot;provider.exception&quot;, &quot;message&quot;:&quot;Funding amount must be at least 5.&quot;}]" time="0.030028">
    <failure message="502 Bad Gateway" type="RestClient::BadGateway">
      <![CDATA[502 Bad Gateway
/usr/local/rvm/gems/ruby-2.2.1/gems/rest-client-1.8.0/lib/restclient/abstract_response.rb:74:in `return!'
/usr/local/rvm/gems/ruby-2.2.1/gems/rest-client-1.8.0/lib/restclient/request.rb:495:in `process_result'
/usr/local/rvm/gems/ruby-2.2.1/gems/rest-client-1.8.0/lib/restclient/request.rb:421:in `block in transmit'
/usr/local/rvm/gems/ruby-2.2.1/gems/rest-client-1.8.0/lib/restclient/request.rb:413:in `transmit'
/usr/local/rvm/gems/ruby-2.2.1/gems/rest-client-1.8.0/lib/restclient/request.rb:176:in `execute'
/usr/local/rvm/gems/ruby-2.2.1/gems/rest-client-1.8.0/lib/restclient/request.rb:41:in `execute'
/usr/local/rvm/gems/ruby-2.2.1/gems/rest-client-1.8.0/lib/restclient.rb:69:in `post'
./libs/helpers/guam_login.rb:109:in `get_user_info_from_foundation'
./spec/spec_helper.rb:74:in `login_to_guam'
./spec/spec_helper.rb:113:in `login_to_foundation_new_user_credential'
./spec/foundation/user/account_spec.rb:179:in `block (2 levels) in <top (required)>']]>
    </failure>
  </testcase>
  <testcase classname="spec.foundation.user.account_spec" name="Reserve Account user with account hierarchy: horizon_engra6@pb.com behaves like Account information Add funds through accounts_fund_async and accounts_fund verify add funds: 21, accounts_fund_async, 5, , USPS, negative-testcase-funds-deprecated-unrecognised_field_costAccount, 400, [{&quot;key&quot;:&quot;invalid.field&quot;,&quot;message&quot;:&quot;Unrecognized field: costAccount&quot;}]" time="0.027523">
    <failure message="502 Bad Gateway" type="RestClient::BadGateway">
      <![CDATA[502 Bad Gateway
/usr/local/rvm/gems/ruby-2.2.1/gems/rest-client-1.8.0/lib/restclient/abstract_response.rb:74:in `return!'
/usr/local/rvm/gems/ruby-2.2.1/gems/rest-client-1.8.0/lib/restclient/request.rb:495:in `process_result'
/usr/local/rvm/gems/ruby-2.2.1/gems/rest-client-1.8.0/lib/restclient/request.rb:421:in `block in transmit'
/usr/local/rvm/gems/ruby-2.2.1/gems/rest-client-1.8.0/lib/restclient/request.rb:413:in `transmit'
/usr/local/rvm/gems/ruby-2.2.1/gems/rest-client-1.8.0/lib/restclient/request.rb:176:in `execute'
/usr/local/rvm/gems/ruby-2.2.1/gems/rest-client-1.8.0/lib/restclient/request.rb:41:in `execute'
/usr/local/rvm/gems/ruby-2.2.1/gems/rest-client-1.8.0/lib/restclient.rb:69:in `post'
./libs/helpers/guam_login.rb:109:in `get_user_info_from_foundation'
./spec/spec_helper.rb:74:in `login_to_guam'
./spec/spec_helper.rb:113:in `login_to_foundation_new_user_credential'
./spec/foundation/user/account_spec.rb:179:in `block (2 levels) in <top (required)>']]>
    </failure>
  </testcase>
  <testcase classname="spec.foundation.user.account_spec" name="Reserve Account user with account hierarchy: horizon_engra6@pb.com behaves like Account information Add funds through accounts_fund_async and accounts_fund verify add funds: 22, accounts_fund_async, 5, , USPS, fund_async_using_valid_costAccountname, 200, " time="0.047510">
    <failure message="502 Bad Gateway" type="RestClient::BadGateway">
      <![CDATA[502 Bad Gateway
/usr/local/rvm/gems/ruby-2.2.1/gems/rest-client-1.8.0/lib/restclient/abstract_response.rb:74:in `return!'
/usr/local/rvm/gems/ruby-2.2.1/gems/rest-client-1.8.0/lib/restclient/request.rb:495:in `process_result'
/usr/local/rvm/gems/ruby-2.2.1/gems/rest-client-1.8.0/lib/restclient/request.rb:421:in `block in transmit'
/usr/local/rvm/gems/ruby-2.2.1/gems/rest-client-1.8.0/lib/restclient/request.rb:413:in `transmit'
/usr/local/rvm/gems/ruby-2.2.1/gems/rest-client-1.8.0/lib/restclient/request.rb:176:in `execute'
/usr/local/rvm/gems/ruby-2.2.1/gems/rest-client-1.8.0/lib/restclient/request.rb:41:in `execute'
/usr/local/rvm/gems/ruby-2.2.1/gems/rest-client-1.8.0/lib/restclient.rb:69:in `post'
./libs/helpers/guam_login.rb:109:in `get_user_info_from_foundation'
./spec/spec_helper.rb:74:in `login_to_guam'
./spec/spec_helper.rb:113:in `login_to_foundation_new_user_credential'
./spec/foundation/user/account_spec.rb:179:in `block (2 levels) in <top (required)>']]>
    </failure>
  </testcase>
  <testcase classname="spec.foundation.user.auto_refill_spec" name="Auto Postage Refill Create autorefill response is correct" time="0.000015">
    <failure message="757: unexpected token at '&quot;&lt;html&gt;\r\n&lt;head&gt;&lt;title&gt;502 Bad Gateway&lt;/title&gt;&lt;/head&gt;\r\n&lt;body bgcolor=\&quot;white\&quot;&gt;\r\n&lt;center&gt;&lt;h1&gt;502 Bad Gateway&lt;/h1&gt;&lt;/center&gt;\r\n&lt;hr&gt;&lt;center&gt;nginx/1.6.2&lt;/center&gt;\r\n&lt;/body&gt;\r\n&lt;/html&gt;\r\n&quot;'" type="JSON::ParserError">
      <![CDATA[757: unexpected token at '"<html>\r\n<head><title>502 Bad Gateway</title></head>\r\n<body bgcolor=\"white\">\r\n<center><h1>502 Bad Gateway</h1></center>\r\n<hr><center>nginx/1.6.2</center>\r\n</body>\r\n</html>\r\n"'
./libs/helpers/common.rb:39:in `convert_to_json'
./libs/override.rb:63:in `json'
./spec/foundation/user/auto_refill_spec.rb:9:in `block (2 levels) in <top (required)>']]>
    </failure>
  </testcase>
  <testcase classname="spec.foundation.user.auto_refill_spec" name="Auto Postage Refill Get autorefill" time="0.000007">
    <failure message="757: unexpected token at '&quot;&lt;html&gt;\r\n&lt;head&gt;&lt;title&gt;502 Bad Gateway&lt;/title&gt;&lt;/head&gt;\r\n&lt;body bgcolor=\&quot;white\&quot;&gt;\r\n&lt;center&gt;&lt;h1&gt;502 Bad Gateway&lt;/h1&gt;&lt;/center&gt;\r\n&lt;hr&gt;&lt;center&gt;nginx/1.6.2&lt;/center&gt;\r\n&lt;/body&gt;\r\n&lt;/html&gt;\r\n&quot;'" type="JSON::ParserError">
      <![CDATA[757: unexpected token at '"<html>\r\n<head><title>502 Bad Gateway</title></head>\r\n<body bgcolor=\"white\">\r\n<center><h1>502 Bad Gateway</h1></center>\r\n<hr><center>nginx/1.6.2</center>\r\n</body>\r\n</html>\r\n"'
./libs/helpers/common.rb:39:in `convert_to_json'
./libs/override.rb:63:in `json'
./spec/foundation/user/auto_refill_spec.rb:9:in `block (2 levels) in <top (required)>']]>
    </failure>
  </testcase>
  <testcase classname="spec.foundation.user.auto_refill_spec" name="Auto Postage Refill Get autorefill by id" time="0.000006">
    <failure message="757: unexpected token at '&quot;&lt;html&gt;\r\n&lt;head&gt;&lt;title&gt;502 Bad Gateway&lt;/title&gt;&lt;/head&gt;\r\n&lt;body bgcolor=\&quot;white\&quot;&gt;\r\n&lt;center&gt;&lt;h1&gt;502 Bad Gateway&lt;/h1&gt;&lt;/center&gt;\r\n&lt;hr&gt;&lt;center&gt;nginx/1.6.2&lt;/center&gt;\r\n&lt;/body&gt;\r\n&lt;/html&gt;\r\n&quot;'" type="JSON::ParserError">
      <![CDATA[757: unexpected token at '"<html>\r\n<head><title>502 Bad Gateway</title></head>\r\n<body bgcolor=\"white\">\r\n<center><h1>502 Bad Gateway</h1></center>\r\n<hr><center>nginx/1.6.2</center>\r\n</body>\r\n</html>\r\n"'
./libs/helpers/common.rb:39:in `convert_to_json'
./libs/override.rb:63:in `json'
./spec/foundation/user/auto_refill_spec.rb:9:in `block (2 levels) in <top (required)>']]>
    </failure>
  </testcase>
  <testcase classname="spec.foundation.user.auto_refill_spec" name="Auto Postage Refill Get autorefill by id not exists" time="0.000007">
    <failure message="757: unexpected token at '&quot;&lt;html&gt;\r\n&lt;head&gt;&lt;title&gt;502 Bad Gateway&lt;/title&gt;&lt;/head&gt;\r\n&lt;body bgcolor=\&quot;white\&quot;&gt;\r\n&lt;center&gt;&lt;h1&gt;502 Bad Gateway&lt;/h1&gt;&lt;/center&gt;\r\n&lt;hr&gt;&lt;center&gt;nginx/1.6.2&lt;/center&gt;\r\n&lt;/body&gt;\r\n&lt;/html&gt;\r\n&quot;'" type="JSON::ParserError">
      <![CDATA[757: unexpected token at '"<html>\r\n<head><title>502 Bad Gateway</title></head>\r\n<body bgcolor=\"white\">\r\n<center><h1>502 Bad Gateway</h1></center>\r\n<hr><center>nginx/1.6.2</center>\r\n</body>\r\n</html>\r\n"'
./libs/helpers/common.rb:39:in `convert_to_json'
./libs/override.rb:63:in `json'
./spec/foundation/user/auto_refill_spec.rb:9:in `block (2 levels) in <top (required)>']]>
    </failure>
  </testcase>
  <testcase classname="spec.foundation.user.auto_refill_spec" name="Auto Postage Refill Update autorefill {&quot;enabled&quot;=&gt;&quot;true&quot;}" time="0.000006">
    <failure message="757: unexpected token at '&quot;&lt;html&gt;\r\n&lt;head&gt;&lt;title&gt;502 Bad Gateway&lt;/title&gt;&lt;/head&gt;\r\n&lt;body bgcolor=\&quot;white\&quot;&gt;\r\n&lt;center&gt;&lt;h1&gt;502 Bad Gateway&lt;/h1&gt;&lt;/center&gt;\r\n&lt;hr&gt;&lt;center&gt;nginx/1.6.2&lt;/center&gt;\r\n&lt;/body&gt;\r\n&lt;/html&gt;\r\n&quot;'" type="JSON::ParserError">
      <![CDATA[757: unexpected token at '"<html>\r\n<head><title>502 Bad Gateway</title></head>\r\n<body bgcolor=\"white\">\r\n<center><h1>502 Bad Gateway</h1></center>\r\n<hr><center>nginx/1.6.2</center>\r\n</body>\r\n</html>\r\n"'
./libs/helpers/common.rb:39:in `convert_to_json'
./libs/override.rb:63:in `json'
./spec/foundation/user/auto_refill_spec.rb:9:in `block (2 levels) in <top (required)>']]>
    </failure>
  </testcase>
  <testcase classname="spec.foundation.user.auto_refill_spec" name="Auto Postage Refill Update autorefill {&quot;enabled&quot;=&gt;&quot;false&quot;}" time="0.000007">
    <failure message="757: unexpected token at '&quot;&lt;html&gt;\r\n&lt;head&gt;&lt;title&gt;502 Bad Gateway&lt;/title&gt;&lt;/head&gt;\r\n&lt;body bgcolor=\&quot;white\&quot;&gt;\r\n&lt;center&gt;&lt;h1&gt;502 Bad Gateway&lt;/h1&gt;&lt;/center&gt;\r\n&lt;hr&gt;&lt;center&gt;nginx/1.6.2&lt;/center&gt;\r\n&lt;/body&gt;\r\n&lt;/html&gt;\r\n&quot;'" type="JSON::ParserError">
      <![CDATA[757: unexpected token at '"<html>\r\n<head><title>502 Bad Gateway</title></head>\r\n<body bgcolor=\"white\">\r\n<center><h1>502 Bad Gateway</h1></center>\r\n<hr><center>nginx/1.6.2</center>\r\n</body>\r\n</html>\r\n"'
./libs/helpers/common.rb:39:in `convert_to_json'
./libs/override.rb:63:in `json'
./spec/foundation/user/auto_refill_spec.rb:9:in `block (2 levels) in <top (required)>']]>
    </failure>
  </testcase>
  <testcase classname="spec.foundation.user.auto_refill_spec" name="Auto Postage Refill Update autorefill {&quot;minThreshold&quot;=&gt;&quot;100&quot;}" time="0.000006">
    <failure message="757: unexpected token at '&quot;&lt;html&gt;\r\n&lt;head&gt;&lt;title&gt;502 Bad Gateway&lt;/title&gt;&lt;/head&gt;\r\n&lt;body bgcolor=\&quot;white\&quot;&gt;\r\n&lt;center&gt;&lt;h1&gt;502 Bad Gateway&lt;/h1&gt;&lt;/center&gt;\r\n&lt;hr&gt;&lt;center&gt;nginx/1.6.2&lt;/center&gt;\r\n&lt;/body&gt;\r\n&lt;/html&gt;\r\n&quot;'" type="JSON::ParserError">
      <![CDATA[757: unexpected token at '"<html>\r\n<head><title>502 Bad Gateway</title></head>\r\n<body bgcolor=\"white\">\r\n<center><h1>502 Bad Gateway</h1></center>\r\n<hr><center>nginx/1.6.2</center>\r\n</body>\r\n</html>\r\n"'
./libs/helpers/common.rb:39:in `convert_to_json'
./libs/override.rb:63:in `json'
./spec/foundation/user/auto_refill_spec.rb:9:in `block (2 levels) in <top (required)>']]>
    </failure>
  </testcase>
  <testcase classname="spec.foundation.user.auto_refill_spec" name="Auto Postage Refill Update autorefill {&quot;addAmount&quot;=&gt;&quot;200&quot;}" time="0.000007">
    <failure message="757: unexpected token at '&quot;&lt;html&gt;\r\n&lt;head&gt;&lt;title&gt;502 Bad Gateway&lt;/title&gt;&lt;/head&gt;\r\n&lt;body bgcolor=\&quot;white\&quot;&gt;\r\n&lt;center&gt;&lt;h1&gt;502 Bad Gateway&lt;/h1&gt;&lt;/center&gt;\r\n&lt;hr&gt;&lt;center&gt;nginx/1.6.2&lt;/center&gt;\r\n&lt;/body&gt;\r\n&lt;/html&gt;\r\n&quot;'" type="JSON::ParserError">
      <![CDATA[757: unexpected token at '"<html>\r\n<head><title>502 Bad Gateway</title></head>\r\n<body bgcolor=\"white\">\r\n<center><h1>502 Bad Gateway</h1></center>\r\n<hr><center>nginx/1.6.2</center>\r\n</body>\r\n</html>\r\n"'
./libs/helpers/common.rb:39:in `convert_to_json'
./libs/override.rb:63:in `json'
./spec/foundation/user/auto_refill_spec.rb:9:in `block (2 levels) in <top (required)>']]>
    </failure>
  </testcase>
  <testcase classname="spec.foundation.user.auto_refill_spec" name="Auto Postage Refill Update autorefill {&quot;displayConfirmation&quot;=&gt;&quot;true&quot;}" time="0.000006">
    <failure message="757: unexpected token at '&quot;&lt;html&gt;\r\n&lt;head&gt;&lt;title&gt;502 Bad Gateway&lt;/title&gt;&lt;/head&gt;\r\n&lt;body bgcolor=\&quot;white\&quot;&gt;\r\n&lt;center&gt;&lt;h1&gt;502 Bad Gateway&lt;/h1&gt;&lt;/center&gt;\r\n&lt;hr&gt;&lt;center&gt;nginx/1.6.2&lt;/center&gt;\r\n&lt;/body&gt;\r\n&lt;/html&gt;\r\n&quot;'" type="JSON::ParserError">
      <![CDATA[757: unexpected token at '"<html>\r\n<head><title>502 Bad Gateway</title></head>\r\n<body bgcolor=\"white\">\r\n<center><h1>502 Bad Gateway</h1></center>\r\n<hr><center>nginx/1.6.2</center>\r\n</body>\r\n</html>\r\n"'
./libs/helpers/common.rb:39:in `convert_to_json'
./libs/override.rb:63:in `json'
./spec/foundation/user/auto_refill_spec.rb:9:in `block (2 levels) in <top (required)>']]>
    </failure>
  </testcase>
  <testcase classname="spec.foundation.user.auto_refill_spec" name="Auto Postage Refill Update autorefill {&quot;displayConfirmation&quot;=&gt;&quot;false&quot;}" time="0.000007">
    <failure message="757: unexpected token at '&quot;&lt;html&gt;\r\n&lt;head&gt;&lt;title&gt;502 Bad Gateway&lt;/title&gt;&lt;/head&gt;\r\n&lt;body bgcolor=\&quot;white\&quot;&gt;\r\n&lt;center&gt;&lt;h1&gt;502 Bad Gateway&lt;/h1&gt;&lt;/center&gt;\r\n&lt;hr&gt;&lt;center&gt;nginx/1.6.2&lt;/center&gt;\r\n&lt;/body&gt;\r\n&lt;/html&gt;\r\n&quot;'" type="JSON::ParserError">
      <![CDATA[757: unexpected token at '"<html>\r\n<head><title>502 Bad Gateway</title></head>\r\n<body bgcolor=\"white\">\r\n<center><h1>502 Bad Gateway</h1></center>\r\n<hr><center>nginx/1.6.2</center>\r\n</body>\r\n</html>\r\n"'
./libs/helpers/common.rb:39:in `convert_to_json'
./libs/override.rb:63:in `json'
./spec/foundation/user/auto_refill_spec.rb:9:in `block (2 levels) in <top (required)>']]>
    </failure>
  </testcase>
  <testcase classname="spec.foundation.user.auto_refill_spec" name="Auto Postage Refill Add cost account to autorefill" time="0.000006">
    <failure message="757: unexpected token at '&quot;&lt;html&gt;\r\n&lt;head&gt;&lt;title&gt;502 Bad Gateway&lt;/title&gt;&lt;/head&gt;\r\n&lt;body bgcolor=\&quot;white\&quot;&gt;\r\n&lt;center&gt;&lt;h1&gt;502 Bad Gateway&lt;/h1&gt;&lt;/center&gt;\r\n&lt;hr&gt;&lt;center&gt;nginx/1.6.2&lt;/center&gt;\r\n&lt;/body&gt;\r\n&lt;/html&gt;\r\n&quot;'" type="JSON::ParserError">
      <![CDATA[757: unexpected token at '"<html>\r\n<head><title>502 Bad Gateway</title></head>\r\n<body bgcolor=\"white\">\r\n<center><h1>502 Bad Gateway</h1></center>\r\n<hr><center>nginx/1.6.2</center>\r\n</body>\r\n</html>\r\n"'
./libs/helpers/common.rb:39:in `convert_to_json'
./libs/override.rb:63:in `json'
./spec/foundation/user/auto_refill_spec.rb:9:in `block (2 levels) in <top (required)>']]>
    </failure>
  </testcase>
  <testcase classname="spec.foundation.user.auto_refill_spec" name="Auto Postage Refill Validate autorefill error message for: {&quot;minThreshold&quot;=&gt;&quot;-10&quot;}" time="0.000007">
    <failure message="757: unexpected token at '&quot;&lt;html&gt;\r\n&lt;head&gt;&lt;title&gt;502 Bad Gateway&lt;/title&gt;&lt;/head&gt;\r\n&lt;body bgcolor=\&quot;white\&quot;&gt;\r\n&lt;center&gt;&lt;h1&gt;502 Bad Gateway&lt;/h1&gt;&lt;/center&gt;\r\n&lt;hr&gt;&lt;center&gt;nginx/1.6.2&lt;/center&gt;\r\n&lt;/body&gt;\r\n&lt;/html&gt;\r\n&quot;'" type="JSON::ParserError">
      <![CDATA[757: unexpected token at '"<html>\r\n<head><title>502 Bad Gateway</title></head>\r\n<body bgcolor=\"white\">\r\n<center><h1>502 Bad Gateway</h1></center>\r\n<hr><center>nginx/1.6.2</center>\r\n</body>\r\n</html>\r\n"'
./libs/helpers/common.rb:39:in `convert_to_json'
./libs/override.rb:63:in `json'
./spec/foundation/user/auto_refill_spec.rb:9:in `block (2 levels) in <top (required)>']]>
    </failure>
  </testcase>
  <testcase classname="spec.foundation.user.auto_refill_spec" name="Auto Postage Refill Validate autorefill by id error message for: {&quot;minThreshold&quot;=&gt;&quot;-10&quot;}" time="0.000006">
    <failure message="757: unexpected token at '&quot;&lt;html&gt;\r\n&lt;head&gt;&lt;title&gt;502 Bad Gateway&lt;/title&gt;&lt;/head&gt;\r\n&lt;body bgcolor=\&quot;white\&quot;&gt;\r\n&lt;center&gt;&lt;h1&gt;502 Bad Gateway&lt;/h1&gt;&lt;/center&gt;\r\n&lt;hr&gt;&lt;center&gt;nginx/1.6.2&lt;/center&gt;\r\n&lt;/body&gt;\r\n&lt;/html&gt;\r\n&quot;'" type="JSON::ParserError">
      <![CDATA[757: unexpected token at '"<html>\r\n<head><title>502 Bad Gateway</title></head>\r\n<body bgcolor=\"white\">\r\n<center><h1>502 Bad Gateway</h1></center>\r\n<hr><center>nginx/1.6.2</center>\r\n</body>\r\n</html>\r\n"'
./libs/helpers/common.rb:39:in `convert_to_json'
./libs/override.rb:63:in `json'
./spec/foundation/user/auto_refill_spec.rb:9:in `block (2 levels) in <top (required)>']]>
    </failure>
  </testcase>
  <testcase classname="spec.foundation.user.auto_refill_spec" name="Auto Postage Refill Validate autorefill error message for: {&quot;minThreshold&quot;=&gt;&quot;0&quot;}" time="0.000007">
[...]
./spec/spec_helper.rb:74:in `login_to_guam'
./spec/spec_helper.rb:113:in `login_to_foundation_new_user_credential'
./spec/foundation/user_management/users_foundation_spec.rb:76:in `block (2 levels) in <top (required)>']]>
    </failure>
  </testcase>
  <testcase classname="spec.foundation.user_management.users_foundation_spec" name="Foundation Foundation user management activate and deactivate user sign-in validation Activated user should be able to sign in" time="0.000006">
    <failure message="502 Bad Gateway" type="RestClient::BadGateway">
      <![CDATA[502 Bad Gateway
/usr/local/rvm/gems/ruby-2.2.1/gems/rest-client-1.8.0/lib/restclient/abstract_response.rb:74:in `return!'
/usr/local/rvm/gems/ruby-2.2.1/gems/rest-client-1.8.0/lib/restclient/request.rb:495:in `process_result'
/usr/local/rvm/gems/ruby-2.2.1/gems/rest-client-1.8.0/lib/restclient/request.rb:421:in `block in transmit'
/usr/local/rvm/gems/ruby-2.2.1/gems/rest-client-1.8.0/lib/restclient/request.rb:413:in `transmit'
/usr/local/rvm/gems/ruby-2.2.1/gems/rest-client-1.8.0/lib/restclient/request.rb:176:in `execute'
/usr/local/rvm/gems/ruby-2.2.1/gems/rest-client-1.8.0/lib/restclient/request.rb:41:in `execute'
/usr/local/rvm/gems/ruby-2.2.1/gems/rest-client-1.8.0/lib/restclient.rb:69:in `post'
./libs/helpers/guam_login.rb:109:in `get_user_info_from_foundation'
./spec/spec_helper.rb:74:in `login_to_guam'
./spec/spec_helper.rb:113:in `login_to_foundation_new_user_credential'
./spec/foundation/user_management/users_foundation_spec.rb:76:in `block (2 levels) in <top (required)>']]>
    </failure>
  </testcase>
  <testcase classname="spec.foundation.user_management.users_foundation_spec" name="Foundation Foundation user management change role Change user role to role Admin" time="0.000006">
    <failure message="502 Bad Gateway" type="RestClient::BadGateway">
      <![CDATA[502 Bad Gateway
/usr/local/rvm/gems/ruby-2.2.1/gems/rest-client-1.8.0/lib/restclient/abstract_response.rb:74:in `return!'
/usr/local/rvm/gems/ruby-2.2.1/gems/rest-client-1.8.0/lib/restclient/request.rb:495:in `process_result'
/usr/local/rvm/gems/ruby-2.2.1/gems/rest-client-1.8.0/lib/restclient/request.rb:421:in `block in transmit'
/usr/local/rvm/gems/ruby-2.2.1/gems/rest-client-1.8.0/lib/restclient/request.rb:413:in `transmit'
/usr/local/rvm/gems/ruby-2.2.1/gems/rest-client-1.8.0/lib/restclient/request.rb:176:in `execute'
/usr/local/rvm/gems/ruby-2.2.1/gems/rest-client-1.8.0/lib/restclient/request.rb:41:in `execute'
/usr/local/rvm/gems/ruby-2.2.1/gems/rest-client-1.8.0/lib/restclient.rb:69:in `post'
./libs/helpers/guam_login.rb:109:in `get_user_info_from_foundation'
./spec/spec_helper.rb:74:in `login_to_guam'
./spec/spec_helper.rb:113:in `login_to_foundation_new_user_credential'
./spec/foundation/user_management/users_foundation_spec.rb:76:in `block (2 levels) in <top (required)>']]>
    </failure>
  </testcase>
  <testcase classname="spec.foundation.user_management.users_foundation_spec" name="Foundation Foundation user management change role Change user role to role archived:false readonly:false" time="0.000006">
    <failure message="502 Bad Gateway" type="RestClient::BadGateway">
      <![CDATA[502 Bad Gateway
/usr/local/rvm/gems/ruby-2.2.1/gems/rest-client-1.8.0/lib/restclient/abstract_response.rb:74:in `return!'
/usr/local/rvm/gems/ruby-2.2.1/gems/rest-client-1.8.0/lib/restclient/request.rb:495:in `process_result'
/usr/local/rvm/gems/ruby-2.2.1/gems/rest-client-1.8.0/lib/restclient/request.rb:421:in `block in transmit'
/usr/local/rvm/gems/ruby-2.2.1/gems/rest-client-1.8.0/lib/restclient/request.rb:413:in `transmit'
/usr/local/rvm/gems/ruby-2.2.1/gems/rest-client-1.8.0/lib/restclient/request.rb:176:in `execute'
/usr/local/rvm/gems/ruby-2.2.1/gems/rest-client-1.8.0/lib/restclient/request.rb:41:in `execute'
/usr/local/rvm/gems/ruby-2.2.1/gems/rest-client-1.8.0/lib/restclient.rb:69:in `post'
./libs/helpers/guam_login.rb:109:in `get_user_info_from_foundation'
./spec/spec_helper.rb:74:in `login_to_guam'
./spec/spec_helper.rb:113:in `login_to_foundation_new_user_credential'
./spec/foundation/user_management/users_foundation_spec.rb:76:in `block (2 levels) in <top (required)>']]>
    </failure>
  </testcase>
  <testcase classname="spec.foundation.user_management.users_foundation_spec" name="Foundation Foundation user management change role Change user role to role archived:false readonly:true" time="0.000006">
    <failure message="502 Bad Gateway" type="RestClient::BadGateway">
      <![CDATA[502 Bad Gateway
/usr/local/rvm/gems/ruby-2.2.1/gems/rest-client-1.8.0/lib/restclient/abstract_response.rb:74:in `return!'
/usr/local/rvm/gems/ruby-2.2.1/gems/rest-client-1.8.0/lib/restclient/request.rb:495:in `process_result'
/usr/local/rvm/gems/ruby-2.2.1/gems/rest-client-1.8.0/lib/restclient/request.rb:421:in `block in transmit'
/usr/local/rvm/gems/ruby-2.2.1/gems/rest-client-1.8.0/lib/restclient/request.rb:413:in `transmit'
/usr/local/rvm/gems/ruby-2.2.1/gems/rest-client-1.8.0/lib/restclient/request.rb:176:in `execute'
/usr/local/rvm/gems/ruby-2.2.1/gems/rest-client-1.8.0/lib/restclient/request.rb:41:in `execute'
/usr/local/rvm/gems/ruby-2.2.1/gems/rest-client-1.8.0/lib/restclient.rb:69:in `post'
./libs/helpers/guam_login.rb:109:in `get_user_info_from_foundation'
./spec/spec_helper.rb:74:in `login_to_guam'
./spec/spec_helper.rb:113:in `login_to_foundation_new_user_credential'
./spec/foundation/user_management/users_foundation_spec.rb:76:in `block (2 levels) in <top (required)>']]>
    </failure>
  </testcase>
  <testcase classname="spec.foundation.user_management.users_foundation_spec" name="Foundation Foundation user management change role Change user role to role archived:true readonly:false" time="0.000006">
    <failure message="502 Bad Gateway" type="RestClient::BadGateway">
      <![CDATA[502 Bad Gateway
/usr/local/rvm/gems/ruby-2.2.1/gems/rest-client-1.8.0/lib/restclient/abstract_response.rb:74:in `return!'
/usr/local/rvm/gems/ruby-2.2.1/gems/rest-client-1.8.0/lib/restclient/request.rb:495:in `process_result'
/usr/local/rvm/gems/ruby-2.2.1/gems/rest-client-1.8.0/lib/restclient/request.rb:421:in `block in transmit'
/usr/local/rvm/gems/ruby-2.2.1/gems/rest-client-1.8.0/lib/restclient/request.rb:413:in `transmit'
/usr/local/rvm/gems/ruby-2.2.1/gems/rest-client-1.8.0/lib/restclient/request.rb:176:in `execute'
/usr/local/rvm/gems/ruby-2.2.1/gems/rest-client-1.8.0/lib/restclient/request.rb:41:in `execute'
/usr/local/rvm/gems/ruby-2.2.1/gems/rest-client-1.8.0/lib/restclient.rb:69:in `post'
./libs/helpers/guam_login.rb:109:in `get_user_info_from_foundation'
./spec/spec_helper.rb:74:in `login_to_guam'
./spec/spec_helper.rb:113:in `login_to_foundation_new_user_credential'
./spec/foundation/user_management/users_foundation_spec.rb:76:in `block (2 levels) in <top (required)>']]>
    </failure>
  </testcase>
  <testcase classname="spec.foundation.user_management.users_foundation_spec" name="Foundation Foundation user management change role Change user role to role archived:true readonly:true" time="0.000006">
    <failure message="502 Bad Gateway" type="RestClient::BadGateway">
      <![CDATA[502 Bad Gateway
/usr/local/rvm/gems/ruby-2.2.1/gems/rest-client-1.8.0/lib/restclient/abstract_response.rb:74:in `return!'
/usr/local/rvm/gems/ruby-2.2.1/gems/rest-client-1.8.0/lib/restclient/request.rb:495:in `process_result'
/usr/local/rvm/gems/ruby-2.2.1/gems/rest-client-1.8.0/lib/restclient/request.rb:421:in `block in transmit'
/usr/local/rvm/gems/ruby-2.2.1/gems/rest-client-1.8.0/lib/restclient/request.rb:413:in `transmit'
/usr/local/rvm/gems/ruby-2.2.1/gems/rest-client-1.8.0/lib/restclient/request.rb:176:in `execute'
/usr/local/rvm/gems/ruby-2.2.1/gems/rest-client-1.8.0/lib/restclient/request.rb:41:in `execute'
/usr/local/rvm/gems/ruby-2.2.1/gems/rest-client-1.8.0/lib/restclient.rb:69:in `post'
./libs/helpers/guam_login.rb:109:in `get_user_info_from_foundation'
./spec/spec_helper.rb:74:in `login_to_guam'
./spec/spec_helper.rb:113:in `login_to_foundation_new_user_credential'
./spec/foundation/user_management/users_foundation_spec.rb:76:in `block (2 levels) in <top (required)>']]>
    </failure>
  </testcase>
  <testcase classname="spec.foundation.user_management.users_foundation_spec" name="Foundation Foundation user management change role Change user role non existing role" time="0.000006">
    <failure message="502 Bad Gateway" type="RestClient::BadGateway">
      <![CDATA[502 Bad Gateway
/usr/local/rvm/gems/ruby-2.2.1/gems/rest-client-1.8.0/lib/restclient/abstract_response.rb:74:in `return!'
/usr/local/rvm/gems/ruby-2.2.1/gems/rest-client-1.8.0/lib/restclient/request.rb:495:in `process_result'
/usr/local/rvm/gems/ruby-2.2.1/gems/rest-client-1.8.0/lib/restclient/request.rb:421:in `block in transmit'
/usr/local/rvm/gems/ruby-2.2.1/gems/rest-client-1.8.0/lib/restclient/request.rb:413:in `transmit'
/usr/local/rvm/gems/ruby-2.2.1/gems/rest-client-1.8.0/lib/restclient/request.rb:176:in `execute'
/usr/local/rvm/gems/ruby-2.2.1/gems/rest-client-1.8.0/lib/restclient/request.rb:41:in `execute'
/usr/local/rvm/gems/ruby-2.2.1/gems/rest-client-1.8.0/lib/restclient.rb:69:in `post'
./libs/helpers/guam_login.rb:109:in `get_user_info_from_foundation'
./spec/spec_helper.rb:74:in `login_to_guam'
./spec/spec_helper.rb:113:in `login_to_foundation_new_user_credential'
./spec/foundation/user_management/users_foundation_spec.rb:76:in `block (2 levels) in <top (required)>']]>
    </failure>
  </testcase>
  <testcase classname="spec.foundation.user_management.users_foundation_spec" name="Foundation Foundation user management change role Change user role non existing user" time="0.000006">
    <failure message="502 Bad Gateway" type="RestClient::BadGateway">
      <![CDATA[502 Bad Gateway
/usr/local/rvm/gems/ruby-2.2.1/gems/rest-client-1.8.0/lib/restclient/abstract_response.rb:74:in `return!'
/usr/local/rvm/gems/ruby-2.2.1/gems/rest-client-1.8.0/lib/restclient/request.rb:495:in `process_result'
/usr/local/rvm/gems/ruby-2.2.1/gems/rest-client-1.8.0/lib/restclient/request.rb:421:in `block in transmit'
/usr/local/rvm/gems/ruby-2.2.1/gems/rest-client-1.8.0/lib/restclient/request.rb:413:in `transmit'
/usr/local/rvm/gems/ruby-2.2.1/gems/rest-client-1.8.0/lib/restclient/request.rb:176:in `execute'
/usr/local/rvm/gems/ruby-2.2.1/gems/rest-client-1.8.0/lib/restclient/request.rb:41:in `execute'
/usr/local/rvm/gems/ruby-2.2.1/gems/rest-client-1.8.0/lib/restclient.rb:69:in `post'
./libs/helpers/guam_login.rb:109:in `get_user_info_from_foundation'
./spec/spec_helper.rb:74:in `login_to_guam'
./spec/spec_helper.rb:113:in `login_to_foundation_new_user_credential'
./spec/foundation/user_management/users_foundation_spec.rb:76:in `block (2 levels) in <top (required)>']]>
    </failure>
  </testcase>
  <testcase classname="spec.foundation.user_management.users_foundation_spec" name="Foundation Foundation user management Admin permissions self Delete self admin should fail" time="0.000006">
    <failure message="502 Bad Gateway" type="RestClient::BadGateway">
      <![CDATA[502 Bad Gateway
/usr/local/rvm/gems/ruby-2.2.1/gems/rest-client-1.8.0/lib/restclient/abstract_response.rb:74:in `return!'
/usr/local/rvm/gems/ruby-2.2.1/gems/rest-client-1.8.0/lib/restclient/request.rb:495:in `process_result'
/usr/local/rvm/gems/ruby-2.2.1/gems/rest-client-1.8.0/lib/restclient/request.rb:421:in `block in transmit'
/usr/local/rvm/gems/ruby-2.2.1/gems/rest-client-1.8.0/lib/restclient/request.rb:413:in `transmit'
/usr/local/rvm/gems/ruby-2.2.1/gems/rest-client-1.8.0/lib/restclient/request.rb:176:in `execute'
/usr/local/rvm/gems/ruby-2.2.1/gems/rest-client-1.8.0/lib/restclient/request.rb:41:in `execute'
/usr/local/rvm/gems/ruby-2.2.1/gems/rest-client-1.8.0/lib/restclient.rb:69:in `post'
./libs/helpers/guam_login.rb:109:in `get_user_info_from_foundation'
./spec/spec_helper.rb:74:in `login_to_guam'
./spec/spec_helper.rb:113:in `login_to_foundation_new_user_credential'
./spec/foundation/user_management/users_foundation_spec.rb:76:in `block (2 levels) in <top (required)>']]>
    </failure>
  </testcase>
  <testcase classname="spec.foundation.user_management.users_foundation_spec" name="Foundation Foundation user management Admin permissions self Deactivate self admin should fail" time="0.000006">
    <failure message="502 Bad Gateway" type="RestClient::BadGateway">
      <![CDATA[502 Bad Gateway
/usr/local/rvm/gems/ruby-2.2.1/gems/rest-client-1.8.0/lib/restclient/abstract_response.rb:74:in `return!'
/usr/local/rvm/gems/ruby-2.2.1/gems/rest-client-1.8.0/lib/restclient/request.rb:495:in `process_result'
/usr/local/rvm/gems/ruby-2.2.1/gems/rest-client-1.8.0/lib/restclient/request.rb:421:in `block in transmit'
/usr/local/rvm/gems/ruby-2.2.1/gems/rest-client-1.8.0/lib/restclient/request.rb:413:in `transmit'
/usr/local/rvm/gems/ruby-2.2.1/gems/rest-client-1.8.0/lib/restclient/request.rb:176:in `execute'
/usr/local/rvm/gems/ruby-2.2.1/gems/rest-client-1.8.0/lib/restclient/request.rb:41:in `execute'
/usr/local/rvm/gems/ruby-2.2.1/gems/rest-client-1.8.0/lib/restclient.rb:69:in `post'
./libs/helpers/guam_login.rb:109:in `get_user_info_from_foundation'
./spec/spec_helper.rb:74:in `login_to_guam'
./spec/spec_helper.rb:113:in `login_to_foundation_new_user_credential'
./spec/foundation/user_management/users_foundation_spec.rb:76:in `block (2 levels) in <top (required)>']]>
    </failure>
  </testcase>
  <testcase classname="spec.foundation.user_management.users_foundation_spec" name="Foundation Foundation user management Admin permissions self Change role self admin should fail" time="0.000006">
    <failure message="502 Bad Gateway" type="RestClient::BadGateway">
      <![CDATA[502 Bad Gateway
/usr/local/rvm/gems/ruby-2.2.1/gems/rest-client-1.8.0/lib/restclient/abstract_response.rb:74:in `return!'
/usr/local/rvm/gems/ruby-2.2.1/gems/rest-client-1.8.0/lib/restclient/request.rb:495:in `process_result'
/usr/local/rvm/gems/ruby-2.2.1/gems/rest-client-1.8.0/lib/restclient/request.rb:421:in `block in transmit'
/usr/local/rvm/gems/ruby-2.2.1/gems/rest-client-1.8.0/lib/restclient/request.rb:413:in `transmit'
/usr/local/rvm/gems/ruby-2.2.1/gems/rest-client-1.8.0/lib/restclient/request.rb:176:in `execute'
/usr/local/rvm/gems/ruby-2.2.1/gems/rest-client-1.8.0/lib/restclient/request.rb:41:in `execute'
/usr/local/rvm/gems/ruby-2.2.1/gems/rest-client-1.8.0/lib/restclient.rb:69:in `post'
./libs/helpers/guam_login.rb:109:in `get_user_info_from_foundation'
./spec/spec_helper.rb:74:in `login_to_guam'
./spec/spec_helper.rb:113:in `login_to_foundation_new_user_credential'
./spec/foundation/user_management/users_foundation_spec.rb:76:in `block (2 levels) in <top (required)>']]>
    </failure>
  </testcase>
  <testcase classname="spec.foundation.user_management.users_foundation_spec" name="Foundation Foundation user management Admin permissions Delete other admin" time="0.000006">
    <failure message="502 Bad Gateway" type="RestClient::BadGateway">
      <![CDATA[502 Bad Gateway
/usr/local/rvm/gems/ruby-2.2.1/gems/rest-client-1.8.0/lib/restclient/abstract_response.rb:74:in `return!'
/usr/local/rvm/gems/ruby-2.2.1/gems/rest-client-1.8.0/lib/restclient/request.rb:495:in `process_result'
/usr/local/rvm/gems/ruby-2.2.1/gems/rest-client-1.8.0/lib/restclient/request.rb:421:in `block in transmit'
/usr/local/rvm/gems/ruby-2.2.1/gems/rest-client-1.8.0/lib/restclient/request.rb:413:in `transmit'
/usr/local/rvm/gems/ruby-2.2.1/gems/rest-client-1.8.0/lib/restclient/request.rb:176:in `execute'
/usr/local/rvm/gems/ruby-2.2.1/gems/rest-client-1.8.0/lib/restclient/request.rb:41:in `execute'
/usr/local/rvm/gems/ruby-2.2.1/gems/rest-client-1.8.0/lib/restclient.rb:69:in `post'
./libs/helpers/guam_login.rb:109:in `get_user_info_from_foundation'
./spec/spec_helper.rb:74:in `login_to_guam'
./spec/spec_helper.rb:113:in `login_to_foundation_new_user_credential'
./spec/foundation/user_management/users_foundation_spec.rb:76:in `block (2 levels) in <top (required)>']]>
    </failure>
  </testcase>
  <testcase classname="spec.foundation.user_management.users_foundation_spec" name="Foundation Foundation user management Admin permissions Deactivate other Admin" time="0.000006">
    <failure message="502 Bad Gateway" type="RestClient::BadGateway">
      <![CDATA[502 Bad Gateway
/usr/local/rvm/gems/ruby-2.2.1/gems/rest-client-1.8.0/lib/restclient/abstract_response.rb:74:in `return!'
/usr/local/rvm/gems/ruby-2.2.1/gems/rest-client-1.8.0/lib/restclient/request.rb:495:in `process_result'
/usr/local/rvm/gems/ruby-2.2.1/gems/rest-client-1.8.0/lib/restclient/request.rb:421:in `block in transmit'
/usr/local/rvm/gems/ruby-2.2.1/gems/rest-client-1.8.0/lib/restclient/request.rb:413:in `transmit'
/usr/local/rvm/gems/ruby-2.2.1/gems/rest-client-1.8.0/lib/restclient/request.rb:176:in `execute'
/usr/local/rvm/gems/ruby-2.2.1/gems/rest-client-1.8.0/lib/restclient/request.rb:41:in `execute'
/usr/local/rvm/gems/ruby-2.2.1/gems/rest-client-1.8.0/lib/restclient.rb:69:in `post'
./libs/helpers/guam_login.rb:109:in `get_user_info_from_foundation'
./spec/spec_helper.rb:74:in `login_to_guam'
./spec/spec_helper.rb:113:in `login_to_foundation_new_user_credential'
./spec/foundation/user_management/users_foundation_spec.rb:76:in `block (2 levels) in <top (required)>']]>
    </failure>
  </testcase>
  <testcase classname="spec.foundation.user_management.users_foundation_spec" name="Foundation Foundation user management Admin permissions Change role other admin" time="0.000006">
    <failure message="502 Bad Gateway" type="RestClient::BadGateway">
      <![CDATA[502 Bad Gateway
/usr/local/rvm/gems/ruby-2.2.1/gems/rest-client-1.8.0/lib/restclient/abstract_response.rb:74:in `return!'
/usr/local/rvm/gems/ruby-2.2.1/gems/rest-client-1.8.0/lib/restclient/request.rb:495:in `process_result'
/usr/local/rvm/gems/ruby-2.2.1/gems/rest-client-1.8.0/lib/restclient/request.rb:421:in `block in transmit'
/usr/local/rvm/gems/ruby-2.2.1/gems/rest-client-1.8.0/lib/restclient/request.rb:413:in `transmit'
/usr/local/rvm/gems/ruby-2.2.1/gems/rest-client-1.8.0/lib/restclient/request.rb:176:in `execute'
/usr/local/rvm/gems/ruby-2.2.1/gems/rest-client-1.8.0/lib/restclient/request.rb:41:in `execute'
/usr/local/rvm/gems/ruby-2.2.1/gems/rest-client-1.8.0/lib/restclient.rb:69:in `post'
./libs/helpers/guam_login.rb:109:in `get_user_info_from_foundation'
./spec/spec_helper.rb:74:in `login_to_guam'
./spec/spec_helper.rb:113:in `login_to_foundation_new_user_credential'
./spec/foundation/user_management/users_foundation_spec.rb:76:in `block (2 levels) in <top (required)>']]>
    </failure>
  </testcase>
  <testcase classname="spec.shipping.transaction_report_spec" name="Transaction Report Transaction Report : Export Transaction Report Export CSV" time="0.000011">
    <failure message="500 Internal Server Error" type="RuntimeError">
      <![CDATA[500 Internal Server Error
./libs/helpers/requests.rb:114:in `rescue in send_request'
./libs/helpers/requests.rb:109:in `send_request'
./libs/helpers/requests.rb:28:in `send_post_request'
./libs/int_ship/create_label.rb:18:in `create_label'
./libs/shipping/create_label_domestic_v2.rb:11:in `create_sample_label'
./spec/shipping/transaction_report_spec.rb:9:in `block (2 levels) in <top (required)>']]>
    </failure>
  </testcase>
  <testcase classname="spec.shipping.transaction_report_spec" name="Transaction Report Transaction Report : Export Transaction Report Export CSV verify row count" time="0.000007">
    <failure message="500 Internal Server Error" type="RuntimeError">
      <![CDATA[500 Internal Server Error
./libs/helpers/requests.rb:114:in `rescue in send_request'
./libs/helpers/requests.rb:109:in `send_request'
./libs/helpers/requests.rb:28:in `send_post_request'
./libs/int_ship/create_label.rb:18:in `create_label'
./libs/shipping/create_label_domestic_v2.rb:11:in `create_sample_label'
./spec/shipping/transaction_report_spec.rb:9:in `block (2 levels) in <top (required)>']]>
    </failure>
  </testcase>
</testsuite>
